<?xml version="1.0" encoding="UTF-8"?>
<robot generator="Robot 4.1 (Python 3.9.6 on darwin)" generated="20210906 17:45:15.471" rpa="false" schemaversion="2">
<suite id="s1" name="IDS Datagrid Batch1" source="/Users/nganotice/PycharmProjects/IDS/Scripts/Datagrid/IDS_Datagrid_Batch1.robot">
<test id="s1-t1" name="Load Datagrid Component">
<kw name="Load Datagrid Component" library="scenarioDatagridBatch1">
<doc>This will open a browser &amp; Datagrid Component</doc>
<kw name="Open Browser" library="SeleniumLibrary">
<arg>${test_datagridURL}</arg>
<arg>${browser_C}</arg>
<doc>Opens a new browser instance to the optional ``url``.</doc>
<msg timestamp="20210906 17:45:15.724" level="INFO">Opening browser 'Chrome' to base url 'https://main-enterprise.demo.design.infor.com/components/datagrid/list'.</msg>
<status status="PASS" starttime="20210906 17:45:15.724" endtime="20210906 17:45:20.612"/>
</kw>
<kw name="Maximize Browser Window" library="SeleniumLibrary">
<doc>Maximizes current browser window.</doc>
<status status="PASS" starttime="20210906 17:45:20.613" endtime="20210906 17:45:20.813"/>
</kw>
<kw name="Wait Until Location Contains" library="SeleniumLibrary">
<arg>${test_datagrid_URL}</arg>
<doc>Waits until the current URL contains ``expected``.</doc>
<status status="PASS" starttime="20210906 17:45:20.813" endtime="20210906 17:45:20.817"/>
</kw>
<kw name="Wait Until Page Contains Element" library="SeleniumLibrary">
<arg>${pageDatagrid_verifyHeader}</arg>
<arg>timeout=60</arg>
<doc>Waits until the element ``locator`` appears on the current page.</doc>
<status status="PASS" starttime="20210906 17:45:20.817" endtime="20210906 17:45:20.829"/>
</kw>
<status status="PASS" starttime="20210906 17:45:15.723" endtime="20210906 17:45:20.829"/>
</kw>
<doc>This will load datagrid component</doc>
<status status="PASS" starttime="20210906 17:45:15.722" endtime="20210906 17:45:20.829"/>
</test>
<test id="s1-t2" name="Click Example Alternate Row Shading, Verify More Actions - New, Shaded/Unshaded Rows, &amp; More Actions - Classic">
<kw name="Click Example Alternate Row Shading" library="scenarioDatagridBatch1">
<doc>This will open and verify Example Alternate Row Shading</doc>
<kw name="Click Element" library="SeleniumLibrary">
<arg>${pageDatagrid_exampleRowShadingTitle}</arg>
<doc>Click the element identified by ``locator``.</doc>
<msg timestamp="20210906 17:45:20.832" level="INFO">Clicking element '//span[contains(text(),'example alternate row shading')]'.</msg>
<status status="PASS" starttime="20210906 17:45:20.831" endtime="20210906 17:45:22.130"/>
</kw>
<kw name="Sleep" library="BuiltIn">
<arg>1</arg>
<doc>Pauses the test executed for the given time.</doc>
<msg timestamp="20210906 17:45:23.131" level="INFO">Slept 1 second</msg>
<status status="PASS" starttime="20210906 17:45:22.130" endtime="20210906 17:45:23.131"/>
</kw>
<kw name="Wait Until Location Contains" library="SeleniumLibrary">
<arg>${datagrid_rowShadingURL}</arg>
<doc>Waits until the current URL contains ``expected``.</doc>
<status status="PASS" starttime="20210906 17:45:23.131" endtime="20210906 17:45:23.136"/>
</kw>
<status status="PASS" starttime="20210906 17:45:20.831" endtime="20210906 17:45:23.136"/>
</kw>
<kw name="Verify More Actions" library="scenarioGeneric">
<doc>This will verify More Actions</doc>
<kw name="Click Element" library="SeleniumLibrary">
<arg>${pageButton_moreActions}</arg>
<doc>Click the element identified by ``locator``.</doc>
<msg timestamp="20210906 17:45:23.137" level="INFO">Clicking element '//button[@id='header-more-actions']'.</msg>
<status status="PASS" starttime="20210906 17:45:23.137" endtime="20210906 17:45:23.185"/>
</kw>
<kw name="Sleep" library="BuiltIn">
<arg>1</arg>
<doc>Pauses the test executed for the given time.</doc>
<msg timestamp="20210906 17:45:24.186" level="INFO">Slept 1 second</msg>
<status status="PASS" starttime="20210906 17:45:23.185" endtime="20210906 17:45:24.186"/>
</kw>
<kw name="Element Should Be Visible" library="SeleniumLibrary">
<arg>${pageButton_versions}</arg>
<doc>Verifies that the element identified by ``locator`` is visible.</doc>
<msg timestamp="20210906 17:45:24.208" level="INFO">Element '//span[contains(text(),'Versions')]' is displayed.</msg>
<status status="PASS" starttime="20210906 17:45:24.187" endtime="20210906 17:45:24.208"/>
</kw>
<kw name="Element Should Be Visible" library="SeleniumLibrary">
<arg>${pageButton_modes}</arg>
<doc>Verifies that the element identified by ``locator`` is visible.</doc>
<msg timestamp="20210906 17:45:24.228" level="INFO">Element '//span[contains(text(),'Modes')]' is displayed.</msg>
<status status="PASS" starttime="20210906 17:45:24.208" endtime="20210906 17:45:24.228"/>
</kw>
<kw name="Element Should Be Visible" library="SeleniumLibrary">
<arg>${pageButton_colors}</arg>
<doc>Verifies that the element identified by ``locator`` is visible.</doc>
<msg timestamp="20210906 17:45:24.244" level="INFO">Element '//span[contains(text(),'Colors')]' is displayed.</msg>
<status status="PASS" starttime="20210906 17:45:24.228" endtime="20210906 17:45:24.244"/>
</kw>
<status status="PASS" starttime="20210906 17:45:23.136" endtime="20210906 17:45:24.244"/>
</kw>
<kw name="Click &amp; Verify More Actions - Versions" library="scenarioGeneric">
<doc>This will click &amp; verify More Actions - Versions</doc>
<kw name="Click Element" library="SeleniumLibrary">
<arg>${pageButton_versions}</arg>
<doc>Click the element identified by ``locator``.</doc>
<msg timestamp="20210906 17:45:24.245" level="INFO">Clicking element '//span[contains(text(),'Versions')]'.</msg>
<status status="PASS" starttime="20210906 17:45:24.245" endtime="20210906 17:45:24.273"/>
</kw>
<kw name="Sleep" library="BuiltIn">
<arg>1</arg>
<doc>Pauses the test executed for the given time.</doc>
<msg timestamp="20210906 17:45:25.276" level="INFO">Slept 1 second</msg>
<status status="PASS" starttime="20210906 17:45:24.273" endtime="20210906 17:45:25.276"/>
</kw>
<kw name="Element Should Be Visible" library="SeleniumLibrary">
<arg>${pageButton_versionNew}</arg>
<doc>Verifies that the element identified by ``locator`` is visible.</doc>
<msg timestamp="20210906 17:45:25.294" level="INFO">Element '//a[contains(text(),'New')]' is displayed.</msg>
<status status="PASS" starttime="20210906 17:45:25.276" endtime="20210906 17:45:25.294"/>
</kw>
<kw name="Element Should Be Visible" library="SeleniumLibrary">
<arg>${pageButton_versionClassic}</arg>
<doc>Verifies that the element identified by ``locator`` is visible.</doc>
<msg timestamp="20210906 17:45:25.310" level="INFO">Element '//a[contains(text(),'Classic')]' is displayed.</msg>
<status status="PASS" starttime="20210906 17:45:25.294" endtime="20210906 17:45:25.310"/>
</kw>
<status status="PASS" starttime="20210906 17:45:24.245" endtime="20210906 17:45:25.310"/>
</kw>
<kw name="Click &amp; Verify More Actions - Modes" library="scenarioGeneric">
<doc>This will click &amp; verify More Actions - Modes</doc>
<kw name="Click Element" library="SeleniumLibrary">
<arg>${pageButton_modes}</arg>
<doc>Click the element identified by ``locator``.</doc>
<msg timestamp="20210906 17:45:25.311" level="INFO">Clicking element '//span[contains(text(),'Modes')]'.</msg>
<status status="PASS" starttime="20210906 17:45:25.311" endtime="20210906 17:45:25.339"/>
</kw>
<kw name="Sleep" library="BuiltIn">
<arg>1</arg>
<doc>Pauses the test executed for the given time.</doc>
<msg timestamp="20210906 17:45:26.341" level="INFO">Slept 1 second</msg>
<status status="PASS" starttime="20210906 17:45:25.340" endtime="20210906 17:45:26.341"/>
</kw>
<kw name="Element Should Be Visible" library="SeleniumLibrary">
<arg>${pageButton_modeLight}</arg>
<doc>Verifies that the element identified by ``locator`` is visible.</doc>
<msg timestamp="20210906 17:45:26.358" level="INFO">Element '//a[contains(text(),'Light')]' is displayed.</msg>
<status status="PASS" starttime="20210906 17:45:26.341" endtime="20210906 17:45:26.358"/>
</kw>
<kw name="Element Should Be Visible" library="SeleniumLibrary">
<arg>${pageButton_modeDark}</arg>
<doc>Verifies that the element identified by ``locator`` is visible.</doc>
<msg timestamp="20210906 17:45:26.374" level="INFO">Element '//a[contains(text(),'Dark')]' is displayed.</msg>
<status status="PASS" starttime="20210906 17:45:26.358" endtime="20210906 17:45:26.374"/>
</kw>
<kw name="Element Should Be Visible" library="SeleniumLibrary">
<arg>${pageButton_modeHighContrast}</arg>
<doc>Verifies that the element identified by ``locator`` is visible.</doc>
<msg timestamp="20210906 17:45:26.389" level="INFO">Element '//a[contains(text(),'High Contrast')]' is displayed.</msg>
<status status="PASS" starttime="20210906 17:45:26.374" endtime="20210906 17:45:26.389"/>
</kw>
<status status="PASS" starttime="20210906 17:45:25.310" endtime="20210906 17:45:26.390"/>
</kw>
<kw name="Click &amp; Verify More Actions - Colors" library="scenarioGeneric">
<doc>This will click &amp; verify More Actions - Colors</doc>
<kw name="Click Element" library="SeleniumLibrary">
<arg>${pageButton_colors}</arg>
<doc>Click the element identified by ``locator``.</doc>
<msg timestamp="20210906 17:45:26.390" level="INFO">Clicking element '//span[contains(text(),'Colors')]'.</msg>
<status status="PASS" starttime="20210906 17:45:26.390" endtime="20210906 17:45:26.419"/>
</kw>
<kw name="Sleep" library="BuiltIn">
<arg>3</arg>
<doc>Pauses the test executed for the given time.</doc>
<msg timestamp="20210906 17:45:29.419" level="INFO">Slept 3 seconds</msg>
<status status="PASS" starttime="20210906 17:45:26.419" endtime="20210906 17:45:29.420"/>
</kw>
<kw name="Element Should Be Visible" library="SeleniumLibrary">
<arg>${pageButton_colorDefault}</arg>
<doc>Verifies that the element identified by ``locator`` is visible.</doc>
<msg timestamp="20210906 17:45:29.437" level="INFO">Element '//a[contains(text(),'Default')]' is displayed.</msg>
<status status="PASS" starttime="20210906 17:45:29.420" endtime="20210906 17:45:29.437"/>
</kw>
<kw name="Element Should Be Visible" library="SeleniumLibrary">
<arg>${pageButton_colorAmber}</arg>
<doc>Verifies that the element identified by ``locator`` is visible.</doc>
<msg timestamp="20210906 17:45:29.453" level="INFO">Element '//a[contains(text(),'Amber')]' is displayed.</msg>
<status status="PASS" starttime="20210906 17:45:29.437" endtime="20210906 17:45:29.453"/>
</kw>
<kw name="Element Should Be Visible" library="SeleniumLibrary">
<arg>${pageButton_colorAmethyst}</arg>
<doc>Verifies that the element identified by ``locator`` is visible.</doc>
<msg timestamp="20210906 17:45:29.468" level="INFO">Element '//a[contains(text(),'Amethyst')]' is displayed.</msg>
<status status="PASS" starttime="20210906 17:45:29.453" endtime="20210906 17:45:29.468"/>
</kw>
<kw name="Element Should Be Visible" library="SeleniumLibrary">
<arg>${pageButton_colorAzure}</arg>
<doc>Verifies that the element identified by ``locator`` is visible.</doc>
<msg timestamp="20210906 17:45:29.482" level="INFO">Element '//a[contains(text(),'Azure')]' is displayed.</msg>
<status status="PASS" starttime="20210906 17:45:29.468" endtime="20210906 17:45:29.482"/>
</kw>
<kw name="Element Should Be Visible" library="SeleniumLibrary">
<arg>${pageButton_colorEmerald}</arg>
<doc>Verifies that the element identified by ``locator`` is visible.</doc>
<msg timestamp="20210906 17:45:29.496" level="INFO">Element '//a[contains(text(),'Emerald')]' is displayed.</msg>
<status status="PASS" starttime="20210906 17:45:29.482" endtime="20210906 17:45:29.496"/>
</kw>
<kw name="Element Should Be Visible" library="SeleniumLibrary">
<arg>${pageButton_colorGraphite}</arg>
<doc>Verifies that the element identified by ``locator`` is visible.</doc>
<msg timestamp="20210906 17:45:29.511" level="INFO">Element '//a[contains(text(),'Graphite')]' is displayed.</msg>
<status status="PASS" starttime="20210906 17:45:29.496" endtime="20210906 17:45:29.511"/>
</kw>
<kw name="Element Should Be Visible" library="SeleniumLibrary">
<arg>${pageButton_colorRuby}</arg>
<doc>Verifies that the element identified by ``locator`` is visible.</doc>
<msg timestamp="20210906 17:45:29.525" level="INFO">Element '//a[contains(text(),'Ruby')]' is displayed.</msg>
<status status="PASS" starttime="20210906 17:45:29.511" endtime="20210906 17:45:29.525"/>
</kw>
<kw name="Element Should Be Visible" library="SeleniumLibrary">
<arg>${pageButton_colorSlate}</arg>
<doc>Verifies that the element identified by ``locator`` is visible.</doc>
<msg timestamp="20210906 17:45:29.539" level="INFO">Element '//a[contains(text(),'Slate')]' is displayed.</msg>
<status status="PASS" starttime="20210906 17:45:29.525" endtime="20210906 17:45:29.539"/>
</kw>
<kw name="Element Should Be Visible" library="SeleniumLibrary">
<arg>${pageButton_colorTurquoise}</arg>
<doc>Verifies that the element identified by ``locator`` is visible.</doc>
<msg timestamp="20210906 17:45:29.553" level="INFO">Element '//a[contains(text(),'Turquoise')]' is displayed.</msg>
<status status="PASS" starttime="20210906 17:45:29.539" endtime="20210906 17:45:29.553"/>
</kw>
<status status="PASS" starttime="20210906 17:45:26.390" endtime="20210906 17:45:29.553"/>
</kw>
<kw name="Verify and Update Modes &amp; Colors - New" library="scenarioGeneric">
<doc>This will verify &amp; update Modes &amp; Colors - New</doc>
<kw name="Element Should Be Enabled" library="SeleniumLibrary">
<arg>${pageMode_newLight}</arg>
<doc>Verifies that element identified by ``locator`` is enabled.</doc>
<status status="PASS" starttime="20210906 17:45:29.554" endtime="20210906 17:45:29.571"/>
</kw>
<kw name="Click Element" library="SeleniumLibrary">
<arg>${pageButton_modes}</arg>
<doc>Click the element identified by ``locator``.</doc>
<msg timestamp="20210906 17:45:29.571" level="INFO">Clicking element '//span[contains(text(),'Modes')]'.</msg>
<status status="PASS" starttime="20210906 17:45:29.571" endtime="20210906 17:45:29.590"/>
</kw>
<kw name="Sleep" library="BuiltIn">
<arg>4</arg>
<doc>Pauses the test executed for the given time.</doc>
<msg timestamp="20210906 17:45:33.590" level="INFO">Slept 4 seconds</msg>
<status status="PASS" starttime="20210906 17:45:29.590" endtime="20210906 17:45:33.591"/>
</kw>
<kw name="Click Element" library="SeleniumLibrary">
<arg>${pageButton_modeDark}</arg>
<doc>Click the element identified by ``locator``.</doc>
<msg timestamp="20210906 17:45:33.592" level="INFO">Clicking element '//a[contains(text(),'Dark')]'.</msg>
<status status="PASS" starttime="20210906 17:45:33.591" endtime="20210906 17:45:33.653"/>
</kw>
<kw name="Sleep" library="BuiltIn">
<arg>3</arg>
<doc>Pauses the test executed for the given time.</doc>
<msg timestamp="20210906 17:45:36.654" level="INFO">Slept 3 seconds</msg>
<status status="PASS" starttime="20210906 17:45:33.653" endtime="20210906 17:45:36.655"/>
</kw>
<kw name="Wait Until Element Is Enabled" library="SeleniumLibrary">
<arg>${pageMode_newDark}</arg>
<doc>Waits until the element ``locator`` is enabled.</doc>
<status status="PASS" starttime="20210906 17:45:36.655" endtime="20210906 17:45:36.676"/>
</kw>
<kw name="Sleep" library="BuiltIn">
<arg>4</arg>
<doc>Pauses the test executed for the given time.</doc>
<msg timestamp="20210906 17:45:40.677" level="INFO">Slept 4 seconds</msg>
<status status="PASS" starttime="20210906 17:45:36.676" endtime="20210906 17:45:40.678"/>
</kw>
<kw name="Click Element" library="SeleniumLibrary">
<arg>${pageButton_moreActions}</arg>
<doc>Click the element identified by ``locator``.</doc>
<msg timestamp="20210906 17:45:40.678" level="INFO">Clicking element '//button[@id='header-more-actions']'.</msg>
<status status="PASS" starttime="20210906 17:45:40.678" endtime="20210906 17:45:40.733"/>
</kw>
<kw name="Sleep" library="BuiltIn">
<arg>3</arg>
<doc>Pauses the test executed for the given time.</doc>
<msg timestamp="20210906 17:45:43.733" level="INFO">Slept 3 seconds</msg>
<status status="PASS" starttime="20210906 17:45:40.733" endtime="20210906 17:45:43.734"/>
</kw>
<kw name="Click Element" library="SeleniumLibrary">
<arg>${pageButton_modes}</arg>
<doc>Click the element identified by ``locator``.</doc>
<msg timestamp="20210906 17:45:43.734" level="INFO">Clicking element '//span[contains(text(),'Modes')]'.</msg>
<status status="PASS" starttime="20210906 17:45:43.734" endtime="20210906 17:45:43.769"/>
</kw>
<kw name="Sleep" library="BuiltIn">
<arg>4</arg>
<doc>Pauses the test executed for the given time.</doc>
<msg timestamp="20210906 17:45:47.771" level="INFO">Slept 4 seconds</msg>
<status status="PASS" starttime="20210906 17:45:43.769" endtime="20210906 17:45:47.771"/>
</kw>
<kw name="Click Element" library="SeleniumLibrary">
<arg>${pageButton_modeHighContrast}</arg>
<doc>Click the element identified by ``locator``.</doc>
<msg timestamp="20210906 17:45:47.772" level="INFO">Clicking element '//a[contains(text(),'High Contrast')]'.</msg>
<status status="PASS" starttime="20210906 17:45:47.771" endtime="20210906 17:45:47.817"/>
</kw>
<kw name="Sleep" library="BuiltIn">
<arg>3</arg>
<doc>Pauses the test executed for the given time.</doc>
<msg timestamp="20210906 17:45:50.819" level="INFO">Slept 3 seconds</msg>
<status status="PASS" starttime="20210906 17:45:47.818" endtime="20210906 17:45:50.819"/>
</kw>
<kw name="Wait Until Element Is Enabled" library="SeleniumLibrary">
<arg>${pageMode_newContrast}</arg>
<doc>Waits until the element ``locator`` is enabled.</doc>
<status status="PASS" starttime="20210906 17:45:50.820" endtime="20210906 17:45:50.840"/>
</kw>
<kw name="Sleep" library="BuiltIn">
<arg>4</arg>
<doc>Pauses the test executed for the given time.</doc>
<msg timestamp="20210906 17:45:54.842" level="INFO">Slept 4 seconds</msg>
<status status="PASS" starttime="20210906 17:45:50.840" endtime="20210906 17:45:54.842"/>
</kw>
<kw name="Click Element" library="SeleniumLibrary">
<arg>${pageButton_moreActions}</arg>
<doc>Click the element identified by ``locator``.</doc>
<msg timestamp="20210906 17:45:54.843" level="INFO">Clicking element '//button[@id='header-more-actions']'.</msg>
<status status="PASS" starttime="20210906 17:45:54.842" endtime="20210906 17:45:54.873"/>
</kw>
<kw name="Sleep" library="BuiltIn">
<arg>3</arg>
<doc>Pauses the test executed for the given time.</doc>
<msg timestamp="20210906 17:45:57.875" level="INFO">Slept 3 seconds</msg>
<status status="PASS" starttime="20210906 17:45:54.873" endtime="20210906 17:45:57.876"/>
</kw>
<kw name="Click Element" library="SeleniumLibrary">
<arg>${pageButton_colors}</arg>
<doc>Click the element identified by ``locator``.</doc>
<msg timestamp="20210906 17:45:57.876" level="INFO">Clicking element '//span[contains(text(),'Colors')]'.</msg>
<status status="PASS" starttime="20210906 17:45:57.876" endtime="20210906 17:45:57.912"/>
</kw>
<kw name="Sleep" library="BuiltIn">
<arg>4</arg>
<doc>Pauses the test executed for the given time.</doc>
<msg timestamp="20210906 17:46:01.912" level="INFO">Slept 4 seconds</msg>
<status status="PASS" starttime="20210906 17:45:57.912" endtime="20210906 17:46:01.913"/>
</kw>
<kw name="Wait Until Element Is Enabled" library="SeleniumLibrary">
<arg>${pageColor_default}</arg>
<doc>Waits until the element ``locator`` is enabled.</doc>
<status status="PASS" starttime="20210906 17:46:01.913" endtime="20210906 17:46:01.933"/>
</kw>
<kw name="Sleep" library="BuiltIn">
<arg>3</arg>
<doc>Pauses the test executed for the given time.</doc>
<msg timestamp="20210906 17:46:04.934" level="INFO">Slept 3 seconds</msg>
<status status="PASS" starttime="20210906 17:46:01.934" endtime="20210906 17:46:04.934"/>
</kw>
<kw name="Click Element" library="SeleniumLibrary">
<arg>${pageButton_colorAmber}</arg>
<doc>Click the element identified by ``locator``.</doc>
<msg timestamp="20210906 17:46:04.935" level="INFO">Clicking element '//a[contains(text(),'Amber')]'.</msg>
<status status="PASS" starttime="20210906 17:46:04.935" endtime="20210906 17:46:04.996"/>
</kw>
<kw name="Sleep" library="BuiltIn">
<arg>4</arg>
<doc>Pauses the test executed for the given time.</doc>
<msg timestamp="20210906 17:46:08.997" level="INFO">Slept 4 seconds</msg>
<status status="PASS" starttime="20210906 17:46:04.996" endtime="20210906 17:46:08.997"/>
</kw>
<kw name="Wait Until Element Is Enabled" library="SeleniumLibrary">
<arg>${pageColor_amber}</arg>
<doc>Waits until the element ``locator`` is enabled.</doc>
<status status="PASS" starttime="20210906 17:46:08.998" endtime="20210906 17:46:09.020"/>
</kw>
<kw name="Sleep" library="BuiltIn">
<arg>3</arg>
<doc>Pauses the test executed for the given time.</doc>
<msg timestamp="20210906 17:46:12.021" level="INFO">Slept 3 seconds</msg>
<status status="PASS" starttime="20210906 17:46:09.020" endtime="20210906 17:46:12.022"/>
</kw>
<kw name="Click Element" library="SeleniumLibrary">
<arg>${pageButton_moreActions}</arg>
<doc>Click the element identified by ``locator``.</doc>
<msg timestamp="20210906 17:46:12.023" level="INFO">Clicking element '//button[@id='header-more-actions']'.</msg>
<status status="PASS" starttime="20210906 17:46:12.022" endtime="20210906 17:46:12.051"/>
</kw>
<kw name="Sleep" library="BuiltIn">
<arg>4</arg>
<doc>Pauses the test executed for the given time.</doc>
<msg timestamp="20210906 17:46:16.053" level="INFO">Slept 4 seconds</msg>
<status status="PASS" starttime="20210906 17:46:12.051" endtime="20210906 17:46:16.053"/>
</kw>
<kw name="Click Element" library="SeleniumLibrary">
<arg>${pageButton_colors}</arg>
<doc>Click the element identified by ``locator``.</doc>
<msg timestamp="20210906 17:46:16.053" level="INFO">Clicking element '//span[contains(text(),'Colors')]'.</msg>
<status status="PASS" starttime="20210906 17:46:16.053" endtime="20210906 17:46:16.075"/>
</kw>
<kw name="Sleep" library="BuiltIn">
<arg>3</arg>
<doc>Pauses the test executed for the given time.</doc>
<msg timestamp="20210906 17:46:19.076" level="INFO">Slept 3 seconds</msg>
<status status="PASS" starttime="20210906 17:46:16.076" endtime="20210906 17:46:19.076"/>
</kw>
<kw name="Click Element" library="SeleniumLibrary">
<arg>${pageButton_colorAmethyst}</arg>
<doc>Click the element identified by ``locator``.</doc>
<msg timestamp="20210906 17:46:19.077" level="INFO">Clicking element '//a[contains(text(),'Amethyst')]'.</msg>
<status status="PASS" starttime="20210906 17:46:19.076" endtime="20210906 17:46:19.118"/>
</kw>
<kw name="Sleep" library="BuiltIn">
<arg>4</arg>
<doc>Pauses the test executed for the given time.</doc>
<msg timestamp="20210906 17:46:23.119" level="INFO">Slept 4 seconds</msg>
<status status="PASS" starttime="20210906 17:46:19.118" endtime="20210906 17:46:23.119"/>
</kw>
<kw name="Wait Until Element Is Enabled" library="SeleniumLibrary">
<arg>${pageColor_amethyst}</arg>
<doc>Waits until the element ``locator`` is enabled.</doc>
<status status="PASS" starttime="20210906 17:46:23.119" endtime="20210906 17:46:23.140"/>
</kw>
<kw name="Sleep" library="BuiltIn">
<arg>3</arg>
<doc>Pauses the test executed for the given time.</doc>
<msg timestamp="20210906 17:46:26.141" level="INFO">Slept 3 seconds</msg>
<status status="PASS" starttime="20210906 17:46:23.140" endtime="20210906 17:46:26.141"/>
</kw>
<kw name="Click Element" library="SeleniumLibrary">
<arg>${pageButton_moreActions}</arg>
<doc>Click the element identified by ``locator``.</doc>
<msg timestamp="20210906 17:46:26.142" level="INFO">Clicking element '//button[@id='header-more-actions']'.</msg>
<status status="PASS" starttime="20210906 17:46:26.141" endtime="20210906 17:46:26.170"/>
</kw>
<kw name="Sleep" library="BuiltIn">
<arg>4</arg>
<doc>Pauses the test executed for the given time.</doc>
<msg timestamp="20210906 17:46:30.170" level="INFO">Slept 4 seconds</msg>
<status status="PASS" starttime="20210906 17:46:26.170" endtime="20210906 17:46:30.170"/>
</kw>
<kw name="Click Element" library="SeleniumLibrary">
<arg>${pageButton_colors}</arg>
<doc>Click the element identified by ``locator``.</doc>
<msg timestamp="20210906 17:46:30.171" level="INFO">Clicking element '//span[contains(text(),'Colors')]'.</msg>
<status status="PASS" starttime="20210906 17:46:30.171" endtime="20210906 17:46:30.193"/>
</kw>
<kw name="Sleep" library="BuiltIn">
<arg>3</arg>
<doc>Pauses the test executed for the given time.</doc>
<msg timestamp="20210906 17:46:33.193" level="INFO">Slept 3 seconds</msg>
<status status="PASS" starttime="20210906 17:46:30.193" endtime="20210906 17:46:33.194"/>
</kw>
<kw name="Click Element" library="SeleniumLibrary">
<arg>${pageButton_colorAzure}</arg>
<doc>Click the element identified by ``locator``.</doc>
<msg timestamp="20210906 17:46:33.195" level="INFO">Clicking element '//a[contains(text(),'Azure')]'.</msg>
<status status="PASS" starttime="20210906 17:46:33.194" endtime="20210906 17:46:33.241"/>
</kw>
<kw name="Sleep" library="BuiltIn">
<arg>4</arg>
<doc>Pauses the test executed for the given time.</doc>
<msg timestamp="20210906 17:46:37.244" level="INFO">Slept 4 seconds</msg>
<status status="PASS" starttime="20210906 17:46:33.241" endtime="20210906 17:46:37.244"/>
</kw>
<kw name="Wait Until Element Is Enabled" library="SeleniumLibrary">
<arg>${pageColor_azure}</arg>
<doc>Waits until the element ``locator`` is enabled.</doc>
<status status="PASS" starttime="20210906 17:46:37.244" endtime="20210906 17:46:37.265"/>
</kw>
<kw name="Sleep" library="BuiltIn">
<arg>3</arg>
<doc>Pauses the test executed for the given time.</doc>
<msg timestamp="20210906 17:46:40.266" level="INFO">Slept 3 seconds</msg>
<status status="PASS" starttime="20210906 17:46:37.265" endtime="20210906 17:46:40.266"/>
</kw>
<kw name="Click Element" library="SeleniumLibrary">
<arg>${pageButton_moreActions}</arg>
<doc>Click the element identified by ``locator``.</doc>
<msg timestamp="20210906 17:46:40.267" level="INFO">Clicking element '//button[@id='header-more-actions']'.</msg>
<status status="PASS" starttime="20210906 17:46:40.266" endtime="20210906 17:46:40.297"/>
</kw>
<kw name="Sleep" library="BuiltIn">
<arg>4</arg>
<doc>Pauses the test executed for the given time.</doc>
<msg timestamp="20210906 17:46:44.299" level="INFO">Slept 4 seconds</msg>
<status status="PASS" starttime="20210906 17:46:40.298" endtime="20210906 17:46:44.300"/>
</kw>
<kw name="Click Element" library="SeleniumLibrary">
<arg>${pageButton_colors}</arg>
<doc>Click the element identified by ``locator``.</doc>
<msg timestamp="20210906 17:46:44.300" level="INFO">Clicking element '//span[contains(text(),'Colors')]'.</msg>
<status status="PASS" starttime="20210906 17:46:44.300" endtime="20210906 17:46:44.322"/>
</kw>
<kw name="Sleep" library="BuiltIn">
<arg>3</arg>
<doc>Pauses the test executed for the given time.</doc>
<msg timestamp="20210906 17:46:47.322" level="INFO">Slept 3 seconds</msg>
<status status="PASS" starttime="20210906 17:46:44.322" endtime="20210906 17:46:47.323"/>
</kw>
<kw name="Click Element" library="SeleniumLibrary">
<arg>${pageButton_colorEmerald}</arg>
<doc>Click the element identified by ``locator``.</doc>
<msg timestamp="20210906 17:46:47.323" level="INFO">Clicking element '//a[contains(text(),'Emerald')]'.</msg>
<status status="PASS" starttime="20210906 17:46:47.323" endtime="20210906 17:46:47.368"/>
</kw>
<kw name="Sleep" library="BuiltIn">
<arg>4</arg>
<doc>Pauses the test executed for the given time.</doc>
<msg timestamp="20210906 17:46:51.370" level="INFO">Slept 4 seconds</msg>
<status status="PASS" starttime="20210906 17:46:47.369" endtime="20210906 17:46:51.370"/>
</kw>
<kw name="Wait Until Element Is Enabled" library="SeleniumLibrary">
<arg>${pageColor_emerald}</arg>
<doc>Waits until the element ``locator`` is enabled.</doc>
<status status="PASS" starttime="20210906 17:46:51.370" endtime="20210906 17:46:51.391"/>
</kw>
<kw name="Sleep" library="BuiltIn">
<arg>3</arg>
<doc>Pauses the test executed for the given time.</doc>
<msg timestamp="20210906 17:46:54.392" level="INFO">Slept 3 seconds</msg>
<status status="PASS" starttime="20210906 17:46:51.392" endtime="20210906 17:46:54.392"/>
</kw>
<kw name="Click Element" library="SeleniumLibrary">
<arg>${pageButton_moreActions}</arg>
<doc>Click the element identified by ``locator``.</doc>
<msg timestamp="20210906 17:46:54.393" level="INFO">Clicking element '//button[@id='header-more-actions']'.</msg>
<status status="PASS" starttime="20210906 17:46:54.392" endtime="20210906 17:46:54.428"/>
</kw>
<kw name="Sleep" library="BuiltIn">
<arg>4</arg>
<doc>Pauses the test executed for the given time.</doc>
<msg timestamp="20210906 17:46:58.430" level="INFO">Slept 4 seconds</msg>
<status status="PASS" starttime="20210906 17:46:54.428" endtime="20210906 17:46:58.430"/>
</kw>
<kw name="Click Element" library="SeleniumLibrary">
<arg>${pageButton_colors}</arg>
<doc>Click the element identified by ``locator``.</doc>
<msg timestamp="20210906 17:46:58.431" level="INFO">Clicking element '//span[contains(text(),'Colors')]'.</msg>
<status status="PASS" starttime="20210906 17:46:58.430" endtime="20210906 17:46:58.455"/>
</kw>
<kw name="Sleep" library="BuiltIn">
<arg>3</arg>
<doc>Pauses the test executed for the given time.</doc>
<msg timestamp="20210906 17:47:01.456" level="INFO">Slept 3 seconds</msg>
<status status="PASS" starttime="20210906 17:46:58.455" endtime="20210906 17:47:01.456"/>
</kw>
<kw name="Click Element" library="SeleniumLibrary">
<arg>${pageButton_colorGraphite}</arg>
<doc>Click the element identified by ``locator``.</doc>
<msg timestamp="20210906 17:47:01.457" level="INFO">Clicking element '//a[contains(text(),'Graphite')]'.</msg>
<status status="PASS" starttime="20210906 17:47:01.457" endtime="20210906 17:47:01.502"/>
</kw>
<kw name="Sleep" library="BuiltIn">
<arg>4</arg>
<doc>Pauses the test executed for the given time.</doc>
<msg timestamp="20210906 17:47:05.503" level="INFO">Slept 4 seconds</msg>
<status status="PASS" starttime="20210906 17:47:01.502" endtime="20210906 17:47:05.503"/>
</kw>
<kw name="Wait Until Element Is Enabled" library="SeleniumLibrary">
<arg>${pageColor_graphite}</arg>
<doc>Waits until the element ``locator`` is enabled.</doc>
<status status="PASS" starttime="20210906 17:47:05.503" endtime="20210906 17:47:05.525"/>
</kw>
<kw name="Sleep" library="BuiltIn">
<arg>3</arg>
<doc>Pauses the test executed for the given time.</doc>
<msg timestamp="20210906 17:47:08.526" level="INFO">Slept 3 seconds</msg>
<status status="PASS" starttime="20210906 17:47:05.525" endtime="20210906 17:47:08.526"/>
</kw>
<kw name="Click Element" library="SeleniumLibrary">
<arg>${pageButton_moreActions}</arg>
<doc>Click the element identified by ``locator``.</doc>
<msg timestamp="20210906 17:47:08.527" level="INFO">Clicking element '//button[@id='header-more-actions']'.</msg>
<status status="PASS" starttime="20210906 17:47:08.526" endtime="20210906 17:47:08.555"/>
</kw>
<kw name="Sleep" library="BuiltIn">
<arg>4</arg>
<doc>Pauses the test executed for the given time.</doc>
<msg timestamp="20210906 17:47:12.556" level="INFO">Slept 4 seconds</msg>
<status status="PASS" starttime="20210906 17:47:08.555" endtime="20210906 17:47:12.557"/>
</kw>
<kw name="Click Element" library="SeleniumLibrary">
<arg>${pageButton_colors}</arg>
<doc>Click the element identified by ``locator``.</doc>
<msg timestamp="20210906 17:47:12.557" level="INFO">Clicking element '//span[contains(text(),'Colors')]'.</msg>
<status status="PASS" starttime="20210906 17:47:12.557" endtime="20210906 17:47:12.579"/>
</kw>
<kw name="Sleep" library="BuiltIn">
<arg>3</arg>
<doc>Pauses the test executed for the given time.</doc>
<msg timestamp="20210906 17:47:15.580" level="INFO">Slept 3 seconds</msg>
<status status="PASS" starttime="20210906 17:47:12.579" endtime="20210906 17:47:15.580"/>
</kw>
<kw name="Click Element" library="SeleniumLibrary">
<arg>${pageButton_colorRuby}</arg>
<doc>Click the element identified by ``locator``.</doc>
<msg timestamp="20210906 17:47:15.581" level="INFO">Clicking element '//a[contains(text(),'Ruby')]'.</msg>
<status status="PASS" starttime="20210906 17:47:15.580" endtime="20210906 17:47:15.628"/>
</kw>
<kw name="Sleep" library="BuiltIn">
<arg>4</arg>
<doc>Pauses the test executed for the given time.</doc>
<msg timestamp="20210906 17:47:19.630" level="INFO">Slept 4 seconds</msg>
<status status="PASS" starttime="20210906 17:47:15.628" endtime="20210906 17:47:19.630"/>
</kw>
<kw name="Wait Until Element Is Enabled" library="SeleniumLibrary">
<arg>${pageColor_ruby}</arg>
<doc>Waits until the element ``locator`` is enabled.</doc>
<status status="PASS" starttime="20210906 17:47:19.630" endtime="20210906 17:47:19.652"/>
</kw>
<kw name="Sleep" library="BuiltIn">
<arg>3</arg>
<doc>Pauses the test executed for the given time.</doc>
<msg timestamp="20210906 17:47:22.654" level="INFO">Slept 3 seconds</msg>
<status status="PASS" starttime="20210906 17:47:19.652" endtime="20210906 17:47:22.654"/>
</kw>
<kw name="Click Element" library="SeleniumLibrary">
<arg>${pageButton_moreActions}</arg>
<doc>Click the element identified by ``locator``.</doc>
<msg timestamp="20210906 17:47:22.654" level="INFO">Clicking element '//button[@id='header-more-actions']'.</msg>
<status status="PASS" starttime="20210906 17:47:22.654" endtime="20210906 17:47:22.713"/>
</kw>
<kw name="Sleep" library="BuiltIn">
<arg>4</arg>
<doc>Pauses the test executed for the given time.</doc>
<msg timestamp="20210906 17:47:26.714" level="INFO">Slept 4 seconds</msg>
<status status="PASS" starttime="20210906 17:47:22.713" endtime="20210906 17:47:26.714"/>
</kw>
<kw name="Click Element" library="SeleniumLibrary">
<arg>${pageButton_colors}</arg>
<doc>Click the element identified by ``locator``.</doc>
<msg timestamp="20210906 17:47:26.715" level="INFO">Clicking element '//span[contains(text(),'Colors')]'.</msg>
<status status="PASS" starttime="20210906 17:47:26.714" endtime="20210906 17:47:26.738"/>
</kw>
<kw name="Sleep" library="BuiltIn">
<arg>3</arg>
<doc>Pauses the test executed for the given time.</doc>
<msg timestamp="20210906 17:47:29.739" level="INFO">Slept 3 seconds</msg>
<status status="PASS" starttime="20210906 17:47:26.738" endtime="20210906 17:47:29.739"/>
</kw>
<kw name="Click Element" library="SeleniumLibrary">
<arg>${pageButton_colorSlate}</arg>
<doc>Click the element identified by ``locator``.</doc>
<msg timestamp="20210906 17:47:29.740" level="INFO">Clicking element '//a[contains(text(),'Slate')]'.</msg>
<status status="PASS" starttime="20210906 17:47:29.740" endtime="20210906 17:47:29.785"/>
</kw>
<kw name="Sleep" library="BuiltIn">
<arg>4</arg>
<doc>Pauses the test executed for the given time.</doc>
<msg timestamp="20210906 17:47:33.786" level="INFO">Slept 4 seconds</msg>
<status status="PASS" starttime="20210906 17:47:29.786" endtime="20210906 17:47:33.786"/>
</kw>
<kw name="Wait Until Element Is Enabled" library="SeleniumLibrary">
<arg>${pageColor_slate}</arg>
<doc>Waits until the element ``locator`` is enabled.</doc>
<status status="PASS" starttime="20210906 17:47:33.786" endtime="20210906 17:47:33.806"/>
</kw>
<kw name="Sleep" library="BuiltIn">
<arg>3</arg>
<doc>Pauses the test executed for the given time.</doc>
<msg timestamp="20210906 17:47:36.806" level="INFO">Slept 3 seconds</msg>
<status status="PASS" starttime="20210906 17:47:33.806" endtime="20210906 17:47:36.807"/>
</kw>
<kw name="Click Element" library="SeleniumLibrary">
<arg>${pageButton_moreActions}</arg>
<doc>Click the element identified by ``locator``.</doc>
<msg timestamp="20210906 17:47:36.807" level="INFO">Clicking element '//button[@id='header-more-actions']'.</msg>
<status status="PASS" starttime="20210906 17:47:36.807" endtime="20210906 17:47:36.835"/>
</kw>
<kw name="Sleep" library="BuiltIn">
<arg>4</arg>
<doc>Pauses the test executed for the given time.</doc>
<msg timestamp="20210906 17:47:40.837" level="INFO">Slept 4 seconds</msg>
<status status="PASS" starttime="20210906 17:47:36.836" endtime="20210906 17:47:40.837"/>
</kw>
<kw name="Click Element" library="SeleniumLibrary">
<arg>${pageButton_colors}</arg>
<doc>Click the element identified by ``locator``.</doc>
<msg timestamp="20210906 17:47:40.838" level="INFO">Clicking element '//span[contains(text(),'Colors')]'.</msg>
<status status="PASS" starttime="20210906 17:47:40.837" endtime="20210906 17:47:40.860"/>
</kw>
<kw name="Sleep" library="BuiltIn">
<arg>3</arg>
<doc>Pauses the test executed for the given time.</doc>
<msg timestamp="20210906 17:47:43.862" level="INFO">Slept 3 seconds</msg>
<status status="PASS" starttime="20210906 17:47:40.861" endtime="20210906 17:47:43.862"/>
</kw>
<kw name="Click Element" library="SeleniumLibrary">
<arg>${pageButton_colorTurquoise}</arg>
<doc>Click the element identified by ``locator``.</doc>
<msg timestamp="20210906 17:47:43.863" level="INFO">Clicking element '//a[contains(text(),'Turquoise')]'.</msg>
<status status="PASS" starttime="20210906 17:47:43.863" endtime="20210906 17:47:43.912"/>
</kw>
<kw name="Sleep" library="BuiltIn">
<arg>4</arg>
<doc>Pauses the test executed for the given time.</doc>
<msg timestamp="20210906 17:47:47.915" level="INFO">Slept 4 seconds</msg>
<status status="PASS" starttime="20210906 17:47:43.912" endtime="20210906 17:47:47.915"/>
</kw>
<kw name="Wait Until Element Is Enabled" library="SeleniumLibrary">
<arg>${pageColor_Turquoise}</arg>
<doc>Waits until the element ``locator`` is enabled.</doc>
<status status="PASS" starttime="20210906 17:47:47.915" endtime="20210906 17:47:47.936"/>
</kw>
<status status="PASS" starttime="20210906 17:45:29.553" endtime="20210906 17:47:47.936"/>
</kw>
<kw name="Verify Shaded and Unshaded Rows" library="scenarioDatagridBatch1">
<doc>This will verify all shaded and unshaded rows</doc>
<kw name="Element Should Be Visible" library="SeleniumLibrary">
<arg>${pageRowShading_unshadedOne}</arg>
<doc>Verifies that the element identified by ``locator`` is visible.</doc>
<msg timestamp="20210906 17:47:47.956" level="INFO">Element '//tr[@aria-rowindex='1' and @class='datagrid-row']' is displayed.</msg>
<status status="PASS" starttime="20210906 17:47:47.937" endtime="20210906 17:47:47.956"/>
</kw>
<kw name="Element Should Be Visible" library="SeleniumLibrary">
<arg>${pageRowShading_shadedTwo}</arg>
<doc>Verifies that the element identified by ``locator`` is visible.</doc>
<msg timestamp="20210906 17:47:47.975" level="INFO">Element '//tr[@aria-rowindex='2' and @class='datagrid-row alt-shading']' is displayed.</msg>
<status status="PASS" starttime="20210906 17:47:47.956" endtime="20210906 17:47:47.975"/>
</kw>
<kw name="Element Should Be Visible" library="SeleniumLibrary">
<arg>${pageRowShading_unshadedThree}</arg>
<doc>Verifies that the element identified by ``locator`` is visible.</doc>
<msg timestamp="20210906 17:47:47.992" level="INFO">Element '//tr[@aria-rowindex='3' and @class='datagrid-row']' is displayed.</msg>
<status status="PASS" starttime="20210906 17:47:47.975" endtime="20210906 17:47:47.992"/>
</kw>
<kw name="Element Should Be Visible" library="SeleniumLibrary">
<arg>${pageRowShading_shadedFour}</arg>
<doc>Verifies that the element identified by ``locator`` is visible.</doc>
<msg timestamp="20210906 17:47:48.010" level="INFO">Element '//tr[@aria-rowindex='4' and @class='datagrid-row alt-shading']' is displayed.</msg>
<status status="PASS" starttime="20210906 17:47:47.992" endtime="20210906 17:47:48.010"/>
</kw>
<kw name="Element Should Be Visible" library="SeleniumLibrary">
<arg>${pageRowShading_unshadedFive}</arg>
<doc>Verifies that the element identified by ``locator`` is visible.</doc>
<msg timestamp="20210906 17:47:48.025" level="INFO">Element '//tr[@aria-rowindex='5' and @class='datagrid-row']' is displayed.</msg>
<status status="PASS" starttime="20210906 17:47:48.010" endtime="20210906 17:47:48.025"/>
</kw>
<kw name="Element Should Be Visible" library="SeleniumLibrary">
<arg>${pageRowShading_shadedSix}</arg>
<doc>Verifies that the element identified by ``locator`` is visible.</doc>
<msg timestamp="20210906 17:47:48.039" level="INFO">Element '//tr[@aria-rowindex='6' and @class='datagrid-row alt-shading']' is displayed.</msg>
<status status="PASS" starttime="20210906 17:47:48.025" endtime="20210906 17:47:48.039"/>
</kw>
<kw name="Sleep" library="BuiltIn">
<arg>1</arg>
<doc>Pauses the test executed for the given time.</doc>
<msg timestamp="20210906 17:47:49.041" level="INFO">Slept 1 second</msg>
<status status="PASS" starttime="20210906 17:47:48.039" endtime="20210906 17:47:49.041"/>
</kw>
<status status="PASS" starttime="20210906 17:47:47.936" endtime="20210906 17:47:49.042"/>
</kw>
<kw name="Verify and Update Modes &amp; Colors - Classic" library="scenarioGeneric">
<doc>This will verify &amp; update Modes &amp; Colors - Classic</doc>
<kw name="Element Should Be Visible" library="SeleniumLibrary">
<arg>${pageMode_newContrast}</arg>
<doc>Verifies that the element identified by ``locator`` is visible.</doc>
<msg timestamp="20210906 17:47:49.059" level="INFO">Element '//html[@class='is-chrome is-mac theme-new-contrast']' is displayed.</msg>
<status status="PASS" starttime="20210906 17:47:49.042" endtime="20210906 17:47:49.059"/>
</kw>
<kw name="Click Element" library="SeleniumLibrary">
<arg>${pageButton_moreActions}</arg>
<doc>Click the element identified by ``locator``.</doc>
<msg timestamp="20210906 17:47:49.060" level="INFO">Clicking element '//button[@id='header-more-actions']'.</msg>
<status status="PASS" starttime="20210906 17:47:49.059" endtime="20210906 17:47:49.086"/>
</kw>
<kw name="Sleep" library="BuiltIn">
<arg>4</arg>
<doc>Pauses the test executed for the given time.</doc>
<msg timestamp="20210906 17:47:53.089" level="INFO">Slept 4 seconds</msg>
<status status="PASS" starttime="20210906 17:47:49.087" endtime="20210906 17:47:53.089"/>
</kw>
<kw name="Click Element" library="SeleniumLibrary">
<arg>${pageButton_versions}</arg>
<doc>Click the element identified by ``locator``.</doc>
<msg timestamp="20210906 17:47:53.090" level="INFO">Clicking element '//span[contains(text(),'Versions')]'.</msg>
<status status="PASS" starttime="20210906 17:47:53.090" endtime="20210906 17:47:53.124"/>
</kw>
<kw name="Sleep" library="BuiltIn">
<arg>3</arg>
<doc>Pauses the test executed for the given time.</doc>
<msg timestamp="20210906 17:47:56.125" level="INFO">Slept 3 seconds</msg>
<status status="PASS" starttime="20210906 17:47:53.124" endtime="20210906 17:47:56.125"/>
</kw>
<kw name="Click Element" library="SeleniumLibrary">
<arg>${pageButton_versionClassic}</arg>
<doc>Click the element identified by ``locator``.</doc>
<msg timestamp="20210906 17:47:56.125" level="INFO">Clicking element '//a[contains(text(),'Classic')]'.</msg>
<status status="PASS" starttime="20210906 17:47:56.125" endtime="20210906 17:47:56.173"/>
</kw>
<kw name="Wait Until Element Is Enabled" library="SeleniumLibrary">
<arg>${pageMode_classicContrast}</arg>
<doc>Waits until the element ``locator`` is enabled.</doc>
<status status="PASS" starttime="20210906 17:47:56.173" endtime="20210906 17:47:56.191"/>
</kw>
<kw name="Sleep" library="BuiltIn">
<arg>4</arg>
<doc>Pauses the test executed for the given time.</doc>
<msg timestamp="20210906 17:48:00.194" level="INFO">Slept 4 seconds</msg>
<status status="PASS" starttime="20210906 17:47:56.192" endtime="20210906 17:48:00.194"/>
</kw>
<kw name="Click Element" library="SeleniumLibrary">
<arg>${pageButton_moreActions}</arg>
<doc>Click the element identified by ``locator``.</doc>
<msg timestamp="20210906 17:48:00.195" level="INFO">Clicking element '//button[@id='header-more-actions']'.</msg>
<status status="PASS" starttime="20210906 17:48:00.194" endtime="20210906 17:48:00.225"/>
</kw>
<kw name="Sleep" library="BuiltIn">
<arg>3</arg>
<doc>Pauses the test executed for the given time.</doc>
<msg timestamp="20210906 17:48:03.225" level="INFO">Slept 3 seconds</msg>
<status status="PASS" starttime="20210906 17:48:00.225" endtime="20210906 17:48:03.225"/>
</kw>
<kw name="Click Element" library="SeleniumLibrary">
<arg>${pageButton_modes}</arg>
<doc>Click the element identified by ``locator``.</doc>
<msg timestamp="20210906 17:48:03.226" level="INFO">Clicking element '//span[contains(text(),'Modes')]'.</msg>
<status status="PASS" starttime="20210906 17:48:03.225" endtime="20210906 17:48:03.261"/>
</kw>
<kw name="Sleep" library="BuiltIn">
<arg>4</arg>
<doc>Pauses the test executed for the given time.</doc>
<msg timestamp="20210906 17:48:07.262" level="INFO">Slept 4 seconds</msg>
<status status="PASS" starttime="20210906 17:48:03.261" endtime="20210906 17:48:07.262"/>
</kw>
<kw name="Click Element" library="SeleniumLibrary">
<arg>${pageButton_modeLight}</arg>
<doc>Click the element identified by ``locator``.</doc>
<msg timestamp="20210906 17:48:07.263" level="INFO">Clicking element '//a[contains(text(),'Light')]'.</msg>
<status status="PASS" starttime="20210906 17:48:07.262" endtime="20210906 17:48:07.311"/>
</kw>
<kw name="Wait Until Element Is Enabled" library="SeleniumLibrary">
<arg>${pageMode_classicLight}</arg>
<doc>Waits until the element ``locator`` is enabled.</doc>
<status status="PASS" starttime="20210906 17:48:07.311" endtime="20210906 17:48:07.328"/>
</kw>
<kw name="Sleep" library="BuiltIn">
<arg>3</arg>
<doc>Pauses the test executed for the given time.</doc>
<msg timestamp="20210906 17:48:10.329" level="INFO">Slept 3 seconds</msg>
<status status="PASS" starttime="20210906 17:48:07.328" endtime="20210906 17:48:10.330"/>
</kw>
<kw name="Click Element" library="SeleniumLibrary">
<arg>${pageButton_moreActions}</arg>
<doc>Click the element identified by ``locator``.</doc>
<msg timestamp="20210906 17:48:10.330" level="INFO">Clicking element '//button[@id='header-more-actions']'.</msg>
<status status="PASS" starttime="20210906 17:48:10.330" endtime="20210906 17:48:10.359"/>
</kw>
<kw name="Sleep" library="BuiltIn">
<arg>4</arg>
<doc>Pauses the test executed for the given time.</doc>
<msg timestamp="20210906 17:48:14.360" level="INFO">Slept 4 seconds</msg>
<status status="PASS" starttime="20210906 17:48:10.359" endtime="20210906 17:48:14.360"/>
</kw>
<kw name="Click Element" library="SeleniumLibrary">
<arg>${pageButton_modes}</arg>
<doc>Click the element identified by ``locator``.</doc>
<msg timestamp="20210906 17:48:14.361" level="INFO">Clicking element '//span[contains(text(),'Modes')]'.</msg>
<status status="PASS" starttime="20210906 17:48:14.360" endtime="20210906 17:48:14.382"/>
</kw>
<kw name="Sleep" library="BuiltIn">
<arg>3</arg>
<doc>Pauses the test executed for the given time.</doc>
<msg timestamp="20210906 17:48:17.382" level="INFO">Slept 3 seconds</msg>
<status status="PASS" starttime="20210906 17:48:14.382" endtime="20210906 17:48:17.383"/>
</kw>
<kw name="Click Element" library="SeleniumLibrary">
<arg>${pageButton_modeDark}</arg>
<doc>Click the element identified by ``locator``.</doc>
<msg timestamp="20210906 17:48:17.384" level="INFO">Clicking element '//a[contains(text(),'Dark')]'.</msg>
<status status="PASS" starttime="20210906 17:48:17.383" endtime="20210906 17:48:17.432"/>
</kw>
<kw name="Wait Until Element Is Enabled" library="SeleniumLibrary">
<arg>${pageMode_classicDark}</arg>
<doc>Waits until the element ``locator`` is enabled.</doc>
<status status="PASS" starttime="20210906 17:48:17.432" endtime="20210906 17:48:17.448"/>
</kw>
<kw name="Sleep" library="BuiltIn">
<arg>4</arg>
<doc>Pauses the test executed for the given time.</doc>
<msg timestamp="20210906 17:48:21.449" level="INFO">Slept 4 seconds</msg>
<status status="PASS" starttime="20210906 17:48:17.448" endtime="20210906 17:48:21.449"/>
</kw>
<kw name="Click Element" library="SeleniumLibrary">
<arg>${pageButton_moreActions}</arg>
<doc>Click the element identified by ``locator``.</doc>
<msg timestamp="20210906 17:48:21.450" level="INFO">Clicking element '//button[@id='header-more-actions']'.</msg>
<status status="PASS" starttime="20210906 17:48:21.450" endtime="20210906 17:48:21.478"/>
</kw>
<kw name="Sleep" library="BuiltIn">
<arg>3</arg>
<doc>Pauses the test executed for the given time.</doc>
<msg timestamp="20210906 17:48:24.480" level="INFO">Slept 3 seconds</msg>
<status status="PASS" starttime="20210906 17:48:21.478" endtime="20210906 17:48:24.481"/>
</kw>
<kw name="Click Element" library="SeleniumLibrary">
<arg>${pageButton_colors}</arg>
<doc>Click the element identified by ``locator``.</doc>
<msg timestamp="20210906 17:48:24.482" level="INFO">Clicking element '//span[contains(text(),'Colors')]'.</msg>
<status status="PASS" starttime="20210906 17:48:24.481" endtime="20210906 17:48:24.509"/>
</kw>
<kw name="Sleep" library="BuiltIn">
<arg>4</arg>
<doc>Pauses the test executed for the given time.</doc>
<msg timestamp="20210906 17:48:28.511" level="INFO">Slept 4 seconds</msg>
<status status="PASS" starttime="20210906 17:48:24.509" endtime="20210906 17:48:28.511"/>
</kw>
<kw name="Wait Until Element Is Enabled" library="SeleniumLibrary">
<arg>${pageColor_turquoise}</arg>
<doc>Waits until the element ``locator`` is enabled.</doc>
<status status="PASS" starttime="20210906 17:48:28.511" endtime="20210906 17:48:28.527"/>
</kw>
<kw name="Sleep" library="BuiltIn">
<arg>3</arg>
<doc>Pauses the test executed for the given time.</doc>
<msg timestamp="20210906 17:48:31.528" level="INFO">Slept 3 seconds</msg>
<status status="PASS" starttime="20210906 17:48:28.527" endtime="20210906 17:48:31.529"/>
</kw>
<kw name="Click Element" library="SeleniumLibrary">
<arg>${pageButton_colorAmber}</arg>
<doc>Click the element identified by ``locator``.</doc>
<msg timestamp="20210906 17:48:31.530" level="INFO">Clicking element '//a[contains(text(),'Amber')]'.</msg>
<status status="PASS" starttime="20210906 17:48:31.529" endtime="20210906 17:48:31.583"/>
</kw>
<kw name="Sleep" library="BuiltIn">
<arg>4</arg>
<doc>Pauses the test executed for the given time.</doc>
<msg timestamp="20210906 17:48:35.584" level="INFO">Slept 4 seconds</msg>
<status status="PASS" starttime="20210906 17:48:31.583" endtime="20210906 17:48:35.584"/>
</kw>
<kw name="Wait Until Element Is Enabled" library="SeleniumLibrary">
<arg>${pageColor_amber}</arg>
<doc>Waits until the element ``locator`` is enabled.</doc>
<status status="PASS" starttime="20210906 17:48:35.585" endtime="20210906 17:48:35.605"/>
</kw>
<kw name="Sleep" library="BuiltIn">
<arg>3</arg>
<doc>Pauses the test executed for the given time.</doc>
<msg timestamp="20210906 17:48:38.606" level="INFO">Slept 3 seconds</msg>
<status status="PASS" starttime="20210906 17:48:35.605" endtime="20210906 17:48:38.606"/>
</kw>
<kw name="Click Element" library="SeleniumLibrary">
<arg>${pageButton_moreActions}</arg>
<doc>Click the element identified by ``locator``.</doc>
<msg timestamp="20210906 17:48:38.607" level="INFO">Clicking element '//button[@id='header-more-actions']'.</msg>
<status status="PASS" starttime="20210906 17:48:38.606" endtime="20210906 17:48:38.633"/>
</kw>
<kw name="Sleep" library="BuiltIn">
<arg>4</arg>
<doc>Pauses the test executed for the given time.</doc>
<msg timestamp="20210906 17:48:42.634" level="INFO">Slept 4 seconds</msg>
<status status="PASS" starttime="20210906 17:48:38.633" endtime="20210906 17:48:42.635"/>
</kw>
<kw name="Click Element" library="SeleniumLibrary">
<arg>${pageButton_colors}</arg>
<doc>Click the element identified by ``locator``.</doc>
<msg timestamp="20210906 17:48:42.635" level="INFO">Clicking element '//span[contains(text(),'Colors')]'.</msg>
<status status="PASS" starttime="20210906 17:48:42.635" endtime="20210906 17:48:42.658"/>
</kw>
<kw name="Sleep" library="BuiltIn">
<arg>3</arg>
<doc>Pauses the test executed for the given time.</doc>
<msg timestamp="20210906 17:48:45.658" level="INFO">Slept 3 seconds</msg>
<status status="PASS" starttime="20210906 17:48:42.658" endtime="20210906 17:48:45.658"/>
</kw>
<kw name="Click Element" library="SeleniumLibrary">
<arg>${pageButton_colorAmethyst}</arg>
<doc>Click the element identified by ``locator``.</doc>
<msg timestamp="20210906 17:48:45.659" level="INFO">Clicking element '//a[contains(text(),'Amethyst')]'.</msg>
<status status="PASS" starttime="20210906 17:48:45.659" endtime="20210906 17:48:45.705"/>
</kw>
<kw name="Sleep" library="BuiltIn">
<arg>4</arg>
<doc>Pauses the test executed for the given time.</doc>
<msg timestamp="20210906 17:48:49.706" level="INFO">Slept 4 seconds</msg>
<status status="PASS" starttime="20210906 17:48:45.705" endtime="20210906 17:48:49.706"/>
</kw>
<kw name="Wait Until Element Is Enabled" library="SeleniumLibrary">
<arg>${pageColor_amethyst}</arg>
<doc>Waits until the element ``locator`` is enabled.</doc>
<status status="PASS" starttime="20210906 17:48:49.706" endtime="20210906 17:48:49.727"/>
</kw>
<kw name="Sleep" library="BuiltIn">
<arg>3</arg>
<doc>Pauses the test executed for the given time.</doc>
<msg timestamp="20210906 17:48:52.728" level="INFO">Slept 3 seconds</msg>
<status status="PASS" starttime="20210906 17:48:49.727" endtime="20210906 17:48:52.728"/>
</kw>
<kw name="Click Element" library="SeleniumLibrary">
<arg>${pageButton_moreActions}</arg>
<doc>Click the element identified by ``locator``.</doc>
<msg timestamp="20210906 17:48:52.729" level="INFO">Clicking element '//button[@id='header-more-actions']'.</msg>
<status status="PASS" starttime="20210906 17:48:52.728" endtime="20210906 17:48:52.756"/>
</kw>
<kw name="Sleep" library="BuiltIn">
<arg>4</arg>
<doc>Pauses the test executed for the given time.</doc>
<msg timestamp="20210906 17:48:56.758" level="INFO">Slept 4 seconds</msg>
<status status="PASS" starttime="20210906 17:48:52.756" endtime="20210906 17:48:56.759"/>
</kw>
<kw name="Click Element" library="SeleniumLibrary">
<arg>${pageButton_colors}</arg>
<doc>Click the element identified by ``locator``.</doc>
<msg timestamp="20210906 17:48:56.759" level="INFO">Clicking element '//span[contains(text(),'Colors')]'.</msg>
<status status="PASS" starttime="20210906 17:48:56.759" endtime="20210906 17:48:56.780"/>
</kw>
<kw name="Sleep" library="BuiltIn">
<arg>3</arg>
<doc>Pauses the test executed for the given time.</doc>
<msg timestamp="20210906 17:48:59.782" level="INFO">Slept 3 seconds</msg>
<status status="PASS" starttime="20210906 17:48:56.781" endtime="20210906 17:48:59.782"/>
</kw>
<kw name="Click Element" library="SeleniumLibrary">
<arg>${pageButton_colorAzure}</arg>
<doc>Click the element identified by ``locator``.</doc>
<msg timestamp="20210906 17:48:59.783" level="INFO">Clicking element '//a[contains(text(),'Azure')]'.</msg>
<status status="PASS" starttime="20210906 17:48:59.782" endtime="20210906 17:48:59.830"/>
</kw>
<kw name="Sleep" library="BuiltIn">
<arg>4</arg>
<doc>Pauses the test executed for the given time.</doc>
<msg timestamp="20210906 17:49:03.832" level="INFO">Slept 4 seconds</msg>
<status status="PASS" starttime="20210906 17:48:59.830" endtime="20210906 17:49:03.832"/>
</kw>
<kw name="Wait Until Element Is Enabled" library="SeleniumLibrary">
<arg>${pageColor_azure}</arg>
<doc>Waits until the element ``locator`` is enabled.</doc>
<status status="PASS" starttime="20210906 17:49:03.832" endtime="20210906 17:49:03.853"/>
</kw>
<kw name="Sleep" library="BuiltIn">
<arg>3</arg>
<doc>Pauses the test executed for the given time.</doc>
<msg timestamp="20210906 17:49:06.855" level="INFO">Slept 3 seconds</msg>
<status status="PASS" starttime="20210906 17:49:03.853" endtime="20210906 17:49:06.855"/>
</kw>
<kw name="Click Element" library="SeleniumLibrary">
<arg>${pageButton_moreActions}</arg>
<doc>Click the element identified by ``locator``.</doc>
<msg timestamp="20210906 17:49:06.856" level="INFO">Clicking element '//button[@id='header-more-actions']'.</msg>
<status status="PASS" starttime="20210906 17:49:06.855" endtime="20210906 17:49:06.884"/>
</kw>
<kw name="Sleep" library="BuiltIn">
<arg>4</arg>
<doc>Pauses the test executed for the given time.</doc>
<msg timestamp="20210906 17:49:10.886" level="INFO">Slept 4 seconds</msg>
<status status="PASS" starttime="20210906 17:49:06.884" endtime="20210906 17:49:10.886"/>
</kw>
<kw name="Click Element" library="SeleniumLibrary">
<arg>${pageButton_colors}</arg>
<doc>Click the element identified by ``locator``.</doc>
<msg timestamp="20210906 17:49:10.887" level="INFO">Clicking element '//span[contains(text(),'Colors')]'.</msg>
<status status="PASS" starttime="20210906 17:49:10.887" endtime="20210906 17:49:10.908"/>
</kw>
<kw name="Sleep" library="BuiltIn">
<arg>3</arg>
<doc>Pauses the test executed for the given time.</doc>
<msg timestamp="20210906 17:49:13.908" level="INFO">Slept 3 seconds</msg>
<status status="PASS" starttime="20210906 17:49:10.908" endtime="20210906 17:49:13.908"/>
</kw>
<kw name="Click Element" library="SeleniumLibrary">
<arg>${pageButton_colorEmerald}</arg>
<doc>Click the element identified by ``locator``.</doc>
<msg timestamp="20210906 17:49:13.909" level="INFO">Clicking element '//a[contains(text(),'Emerald')]'.</msg>
<status status="PASS" starttime="20210906 17:49:13.908" endtime="20210906 17:49:13.956"/>
</kw>
<kw name="Sleep" library="BuiltIn">
<arg>4</arg>
<doc>Pauses the test executed for the given time.</doc>
<msg timestamp="20210906 17:49:17.957" level="INFO">Slept 4 seconds</msg>
<status status="PASS" starttime="20210906 17:49:13.956" endtime="20210906 17:49:17.957"/>
</kw>
<kw name="Wait Until Element Is Enabled" library="SeleniumLibrary">
<arg>${pageColor_emerald}</arg>
<doc>Waits until the element ``locator`` is enabled.</doc>
<status status="PASS" starttime="20210906 17:49:17.958" endtime="20210906 17:49:17.977"/>
</kw>
<kw name="Sleep" library="BuiltIn">
<arg>3</arg>
<doc>Pauses the test executed for the given time.</doc>
<msg timestamp="20210906 17:49:20.978" level="INFO">Slept 3 seconds</msg>
<status status="PASS" starttime="20210906 17:49:17.978" endtime="20210906 17:49:20.978"/>
</kw>
<kw name="Click Element" library="SeleniumLibrary">
<arg>${pageButton_moreActions}</arg>
<doc>Click the element identified by ``locator``.</doc>
<msg timestamp="20210906 17:49:20.979" level="INFO">Clicking element '//button[@id='header-more-actions']'.</msg>
<status status="PASS" starttime="20210906 17:49:20.978" endtime="20210906 17:49:21.007"/>
</kw>
<kw name="Sleep" library="BuiltIn">
<arg>4</arg>
<doc>Pauses the test executed for the given time.</doc>
<msg timestamp="20210906 17:49:25.009" level="INFO">Slept 4 seconds</msg>
<status status="PASS" starttime="20210906 17:49:21.007" endtime="20210906 17:49:25.010"/>
</kw>
<kw name="Click Element" library="SeleniumLibrary">
<arg>${pageButton_colors}</arg>
<doc>Click the element identified by ``locator``.</doc>
<msg timestamp="20210906 17:49:25.010" level="INFO">Clicking element '//span[contains(text(),'Colors')]'.</msg>
<status status="PASS" starttime="20210906 17:49:25.010" endtime="20210906 17:49:25.032"/>
</kw>
<kw name="Sleep" library="BuiltIn">
<arg>3</arg>
<doc>Pauses the test executed for the given time.</doc>
<msg timestamp="20210906 17:49:28.033" level="INFO">Slept 3 seconds</msg>
<status status="PASS" starttime="20210906 17:49:25.032" endtime="20210906 17:49:28.033"/>
</kw>
<kw name="Click Element" library="SeleniumLibrary">
<arg>${pageButton_colorGraphite}</arg>
<doc>Click the element identified by ``locator``.</doc>
<msg timestamp="20210906 17:49:28.034" level="INFO">Clicking element '//a[contains(text(),'Graphite')]'.</msg>
<status status="PASS" starttime="20210906 17:49:28.033" endtime="20210906 17:49:28.081"/>
</kw>
<kw name="Sleep" library="BuiltIn">
<arg>4</arg>
<doc>Pauses the test executed for the given time.</doc>
<msg timestamp="20210906 17:49:32.081" level="INFO">Slept 4 seconds</msg>
<status status="PASS" starttime="20210906 17:49:28.081" endtime="20210906 17:49:32.081"/>
</kw>
<kw name="Wait Until Element Is Enabled" library="SeleniumLibrary">
<arg>${pageColor_graphite}</arg>
<doc>Waits until the element ``locator`` is enabled.</doc>
<status status="PASS" starttime="20210906 17:49:32.082" endtime="20210906 17:49:32.102"/>
</kw>
<kw name="Sleep" library="BuiltIn">
<arg>3</arg>
<doc>Pauses the test executed for the given time.</doc>
<msg timestamp="20210906 17:49:35.104" level="INFO">Slept 3 seconds</msg>
<status status="PASS" starttime="20210906 17:49:32.103" endtime="20210906 17:49:35.104"/>
</kw>
<kw name="Click Element" library="SeleniumLibrary">
<arg>${pageButton_moreActions}</arg>
<doc>Click the element identified by ``locator``.</doc>
<msg timestamp="20210906 17:49:35.105" level="INFO">Clicking element '//button[@id='header-more-actions']'.</msg>
<status status="PASS" starttime="20210906 17:49:35.104" endtime="20210906 17:49:35.134"/>
</kw>
<kw name="Sleep" library="BuiltIn">
<arg>4</arg>
<doc>Pauses the test executed for the given time.</doc>
<msg timestamp="20210906 17:49:39.136" level="INFO">Slept 4 seconds</msg>
<status status="PASS" starttime="20210906 17:49:35.134" endtime="20210906 17:49:39.136"/>
</kw>
<kw name="Click Element" library="SeleniumLibrary">
<arg>${pageButton_colors}</arg>
<doc>Click the element identified by ``locator``.</doc>
<msg timestamp="20210906 17:49:39.137" level="INFO">Clicking element '//span[contains(text(),'Colors')]'.</msg>
<status status="PASS" starttime="20210906 17:49:39.137" endtime="20210906 17:49:39.161"/>
</kw>
<kw name="Sleep" library="BuiltIn">
<arg>3</arg>
<doc>Pauses the test executed for the given time.</doc>
<msg timestamp="20210906 17:49:42.162" level="INFO">Slept 3 seconds</msg>
<status status="PASS" starttime="20210906 17:49:39.161" endtime="20210906 17:49:42.162"/>
</kw>
<kw name="Click Element" library="SeleniumLibrary">
<arg>${pageButton_colorRuby}</arg>
<doc>Click the element identified by ``locator``.</doc>
<msg timestamp="20210906 17:49:42.163" level="INFO">Clicking element '//a[contains(text(),'Ruby')]'.</msg>
<status status="PASS" starttime="20210906 17:49:42.162" endtime="20210906 17:49:42.210"/>
</kw>
<kw name="Sleep" library="BuiltIn">
<arg>4</arg>
<doc>Pauses the test executed for the given time.</doc>
<msg timestamp="20210906 17:49:46.212" level="INFO">Slept 4 seconds</msg>
<status status="PASS" starttime="20210906 17:49:42.210" endtime="20210906 17:49:46.212"/>
</kw>
<kw name="Wait Until Element Is Enabled" library="SeleniumLibrary">
<arg>${pageColor_ruby}</arg>
<doc>Waits until the element ``locator`` is enabled.</doc>
<status status="PASS" starttime="20210906 17:49:46.212" endtime="20210906 17:49:46.233"/>
</kw>
<kw name="Sleep" library="BuiltIn">
<arg>3</arg>
<doc>Pauses the test executed for the given time.</doc>
<msg timestamp="20210906 17:49:49.234" level="INFO">Slept 3 seconds</msg>
<status status="PASS" starttime="20210906 17:49:46.233" endtime="20210906 17:49:49.234"/>
</kw>
<kw name="Click Element" library="SeleniumLibrary">
<arg>${pageButton_moreActions}</arg>
<doc>Click the element identified by ``locator``.</doc>
<msg timestamp="20210906 17:49:49.235" level="INFO">Clicking element '//button[@id='header-more-actions']'.</msg>
<status status="PASS" starttime="20210906 17:49:49.234" endtime="20210906 17:49:49.260"/>
</kw>
<kw name="Sleep" library="BuiltIn">
<arg>4</arg>
<doc>Pauses the test executed for the given time.</doc>
<msg timestamp="20210906 17:49:53.261" level="INFO">Slept 4 seconds</msg>
<status status="PASS" starttime="20210906 17:49:49.260" endtime="20210906 17:49:53.262"/>
</kw>
<kw name="Click Element" library="SeleniumLibrary">
<arg>${pageButton_colors}</arg>
<doc>Click the element identified by ``locator``.</doc>
<msg timestamp="20210906 17:49:53.262" level="INFO">Clicking element '//span[contains(text(),'Colors')]'.</msg>
<status status="PASS" starttime="20210906 17:49:53.262" endtime="20210906 17:49:53.284"/>
</kw>
<kw name="Sleep" library="BuiltIn">
<arg>3</arg>
<doc>Pauses the test executed for the given time.</doc>
<msg timestamp="20210906 17:49:56.285" level="INFO">Slept 3 seconds</msg>
<status status="PASS" starttime="20210906 17:49:53.284" endtime="20210906 17:49:56.285"/>
</kw>
<kw name="Click Element" library="SeleniumLibrary">
<arg>${pageButton_colorSlate}</arg>
<doc>Click the element identified by ``locator``.</doc>
<msg timestamp="20210906 17:49:56.286" level="INFO">Clicking element '//a[contains(text(),'Slate')]'.</msg>
<status status="PASS" starttime="20210906 17:49:56.285" endtime="20210906 17:49:56.332"/>
</kw>
<kw name="Sleep" library="BuiltIn">
<arg>4</arg>
<doc>Pauses the test executed for the given time.</doc>
<msg timestamp="20210906 17:50:00.334" level="INFO">Slept 4 seconds</msg>
<status status="PASS" starttime="20210906 17:49:56.333" endtime="20210906 17:50:00.334"/>
</kw>
<kw name="Wait Until Element Is Enabled" library="SeleniumLibrary">
<arg>${pageColor_slate}</arg>
<doc>Waits until the element ``locator`` is enabled.</doc>
<status status="PASS" starttime="20210906 17:50:00.335" endtime="20210906 17:50:00.354"/>
</kw>
<kw name="Sleep" library="BuiltIn">
<arg>3</arg>
<doc>Pauses the test executed for the given time.</doc>
<msg timestamp="20210906 17:50:03.354" level="INFO">Slept 3 seconds</msg>
<status status="PASS" starttime="20210906 17:50:00.354" endtime="20210906 17:50:03.354"/>
</kw>
<kw name="Click Element" library="SeleniumLibrary">
<arg>${pageButton_moreActions}</arg>
<doc>Click the element identified by ``locator``.</doc>
<msg timestamp="20210906 17:50:03.355" level="INFO">Clicking element '//button[@id='header-more-actions']'.</msg>
<status status="PASS" starttime="20210906 17:50:03.355" endtime="20210906 17:50:03.383"/>
</kw>
<kw name="Sleep" library="BuiltIn">
<arg>4</arg>
<doc>Pauses the test executed for the given time.</doc>
<msg timestamp="20210906 17:50:07.384" level="INFO">Slept 4 seconds</msg>
<status status="PASS" starttime="20210906 17:50:03.383" endtime="20210906 17:50:07.384"/>
</kw>
<kw name="Click Element" library="SeleniumLibrary">
<arg>${pageButton_colors}</arg>
<doc>Click the element identified by ``locator``.</doc>
<msg timestamp="20210906 17:50:07.386" level="INFO">Clicking element '//span[contains(text(),'Colors')]'.</msg>
<status status="PASS" starttime="20210906 17:50:07.385" endtime="20210906 17:50:07.407"/>
</kw>
<kw name="Sleep" library="BuiltIn">
<arg>3</arg>
<doc>Pauses the test executed for the given time.</doc>
<msg timestamp="20210906 17:50:10.408" level="INFO">Slept 3 seconds</msg>
<status status="PASS" starttime="20210906 17:50:07.407" endtime="20210906 17:50:10.408"/>
</kw>
<kw name="Click Element" library="SeleniumLibrary">
<arg>${pageButton_colorDefault}</arg>
<doc>Click the element identified by ``locator``.</doc>
<msg timestamp="20210906 17:50:10.409" level="INFO">Clicking element '//a[contains(text(),'Default')]'.</msg>
<status status="PASS" starttime="20210906 17:50:10.408" endtime="20210906 17:50:10.467"/>
</kw>
<kw name="Sleep" library="BuiltIn">
<arg>4</arg>
<doc>Pauses the test executed for the given time.</doc>
<msg timestamp="20210906 17:50:14.468" level="INFO">Slept 4 seconds</msg>
<status status="PASS" starttime="20210906 17:50:10.467" endtime="20210906 17:50:14.468"/>
</kw>
<kw name="Wait Until Element Is Enabled" library="SeleniumLibrary">
<arg>${pageColor_default}</arg>
<doc>Waits until the element ``locator`` is enabled.</doc>
<status status="PASS" starttime="20210906 17:50:14.468" endtime="20210906 17:50:14.488"/>
</kw>
<status status="PASS" starttime="20210906 17:47:49.042" endtime="20210906 17:50:14.488"/>
</kw>
<doc>This will verify more actions (versions, modes, &amp; colors) and Shaded/Unshaded Rows</doc>
<status status="PASS" starttime="20210906 17:45:20.830" endtime="20210906 17:50:14.488"/>
</test>
<test id="s1-t3" name="Ending Script Execution">
<kw name="Closing Browser" library="scenarioGeneric">
<doc>This will close the browser opened</doc>
<kw name="Sleep" library="BuiltIn">
<arg>2</arg>
<doc>Pauses the test executed for the given time.</doc>
<msg timestamp="20210906 17:50:16.490" level="INFO">Slept 2 seconds</msg>
<status status="PASS" starttime="20210906 17:50:14.490" endtime="20210906 17:50:16.491"/>
</kw>
<kw name="Close Browser" library="SeleniumLibrary">
<doc>Closes the current browser.</doc>
<status status="PASS" starttime="20210906 17:50:16.491" endtime="20210906 17:50:16.687"/>
</kw>
<status status="PASS" starttime="20210906 17:50:14.490" endtime="20210906 17:50:16.687"/>
</kw>
<doc>This will close the browser and end the script execution</doc>
<status status="PASS" starttime="20210906 17:50:14.489" endtime="20210906 17:50:16.687"/>
</test>
<test id="s1-t4" name="Load Datagrid Component">
<kw name="Load Datagrid Component" library="scenarioDatagridBatch1">
<doc>This will open a browser &amp; Datagrid Component</doc>
<kw name="Open Browser" library="SeleniumLibrary">
<arg>${test_datagridURL}</arg>
<arg>${browser_C}</arg>
<doc>Opens a new browser instance to the optional ``url``.</doc>
<msg timestamp="20210906 17:50:16.689" level="INFO">Opening browser 'Chrome' to base url 'https://main-enterprise.demo.design.infor.com/components/datagrid/list'.</msg>
<status status="PASS" starttime="20210906 17:50:16.689" endtime="20210906 17:50:21.544"/>
</kw>
<kw name="Maximize Browser Window" library="SeleniumLibrary">
<doc>Maximizes current browser window.</doc>
<status status="PASS" starttime="20210906 17:50:21.544" endtime="20210906 17:50:21.744"/>
</kw>
<kw name="Wait Until Location Contains" library="SeleniumLibrary">
<arg>${test_datagrid_URL}</arg>
<doc>Waits until the current URL contains ``expected``.</doc>
<status status="PASS" starttime="20210906 17:50:21.745" endtime="20210906 17:50:21.748"/>
</kw>
<kw name="Wait Until Page Contains Element" library="SeleniumLibrary">
<arg>${pageDatagrid_verifyHeader}</arg>
<arg>timeout=60</arg>
<doc>Waits until the element ``locator`` appears on the current page.</doc>
<status status="PASS" starttime="20210906 17:50:21.748" endtime="20210906 17:50:21.759"/>
</kw>
<status status="PASS" starttime="20210906 17:50:16.688" endtime="20210906 17:50:21.759"/>
</kw>
<doc>This will load datagrid component</doc>
<status status="PASS" starttime="20210906 17:50:16.688" endtime="20210906 17:50:21.759"/>
</test>
<test id="s1-t5" name="Click Example Beforeselect Veto, Verify More Actions - Toast Verification">
<kw name="Click Example Beforeselect Veto" library="scenarioDatagridBatch1">
<doc>This will open and verify Example Beforeselect Veto</doc>
<kw name="Click Element" library="SeleniumLibrary">
<arg>${pageDatagrid_exampleBeforeselectVetoTitle}</arg>
<doc>Click the element identified by ``locator``.</doc>
<msg timestamp="20210906 17:50:21.761" level="INFO">Clicking element '//span[contains(text(),'example beforeselect veto')]'.</msg>
<status status="PASS" starttime="20210906 17:50:21.761" endtime="20210906 17:50:23.375"/>
</kw>
<kw name="Sleep" library="BuiltIn">
<arg>1</arg>
<doc>Pauses the test executed for the given time.</doc>
<msg timestamp="20210906 17:50:24.376" level="INFO">Slept 1 second</msg>
<status status="PASS" starttime="20210906 17:50:23.375" endtime="20210906 17:50:24.376"/>
</kw>
<kw name="Wait Until Location Contains" library="SeleniumLibrary">
<arg>${datagrid_beforeVetoURL}</arg>
<doc>Waits until the current URL contains ``expected``.</doc>
<status status="PASS" starttime="20210906 17:50:24.376" endtime="20210906 17:50:24.380"/>
</kw>
<status status="PASS" starttime="20210906 17:50:21.761" endtime="20210906 17:50:24.380"/>
</kw>
<kw name="Verify More Actions" library="scenarioGeneric">
<doc>This will verify More Actions</doc>
<kw name="Click Element" library="SeleniumLibrary">
<arg>${pageButton_moreActions}</arg>
<doc>Click the element identified by ``locator``.</doc>
<msg timestamp="20210906 17:50:24.381" level="INFO">Clicking element '//button[@id='header-more-actions']'.</msg>
<status status="PASS" starttime="20210906 17:50:24.381" endtime="20210906 17:50:24.461"/>
</kw>
<kw name="Sleep" library="BuiltIn">
<arg>1</arg>
<doc>Pauses the test executed for the given time.</doc>
<msg timestamp="20210906 17:50:25.461" level="INFO">Slept 1 second</msg>
<status status="PASS" starttime="20210906 17:50:24.461" endtime="20210906 17:50:25.461"/>
</kw>
<kw name="Element Should Be Visible" library="SeleniumLibrary">
<arg>${pageButton_versions}</arg>
<doc>Verifies that the element identified by ``locator`` is visible.</doc>
<msg timestamp="20210906 17:50:25.482" level="INFO">Element '//span[contains(text(),'Versions')]' is displayed.</msg>
<status status="PASS" starttime="20210906 17:50:25.462" endtime="20210906 17:50:25.482"/>
</kw>
<kw name="Element Should Be Visible" library="SeleniumLibrary">
<arg>${pageButton_modes}</arg>
<doc>Verifies that the element identified by ``locator`` is visible.</doc>
<msg timestamp="20210906 17:50:25.502" level="INFO">Element '//span[contains(text(),'Modes')]' is displayed.</msg>
<status status="PASS" starttime="20210906 17:50:25.483" endtime="20210906 17:50:25.502"/>
</kw>
<kw name="Element Should Be Visible" library="SeleniumLibrary">
<arg>${pageButton_colors}</arg>
<doc>Verifies that the element identified by ``locator`` is visible.</doc>
<msg timestamp="20210906 17:50:25.517" level="INFO">Element '//span[contains(text(),'Colors')]' is displayed.</msg>
<status status="PASS" starttime="20210906 17:50:25.502" endtime="20210906 17:50:25.517"/>
</kw>
<status status="PASS" starttime="20210906 17:50:24.381" endtime="20210906 17:50:25.518"/>
</kw>
<kw name="Click &amp; Verify More Actions - Versions" library="scenarioGeneric">
<doc>This will click &amp; verify More Actions - Versions</doc>
<kw name="Click Element" library="SeleniumLibrary">
<arg>${pageButton_versions}</arg>
<doc>Click the element identified by ``locator``.</doc>
<msg timestamp="20210906 17:50:25.518" level="INFO">Clicking element '//span[contains(text(),'Versions')]'.</msg>
<status status="PASS" starttime="20210906 17:50:25.518" endtime="20210906 17:50:25.545"/>
</kw>
<kw name="Sleep" library="BuiltIn">
<arg>1</arg>
<doc>Pauses the test executed for the given time.</doc>
<msg timestamp="20210906 17:50:26.546" level="INFO">Slept 1 second</msg>
<status status="PASS" starttime="20210906 17:50:25.545" endtime="20210906 17:50:26.547"/>
</kw>
<kw name="Element Should Be Visible" library="SeleniumLibrary">
<arg>${pageButton_versionNew}</arg>
<doc>Verifies that the element identified by ``locator`` is visible.</doc>
<msg timestamp="20210906 17:50:26.565" level="INFO">Element '//a[contains(text(),'New')]' is displayed.</msg>
<status status="PASS" starttime="20210906 17:50:26.547" endtime="20210906 17:50:26.565"/>
</kw>
<kw name="Element Should Be Visible" library="SeleniumLibrary">
<arg>${pageButton_versionClassic}</arg>
<doc>Verifies that the element identified by ``locator`` is visible.</doc>
<msg timestamp="20210906 17:50:26.581" level="INFO">Element '//a[contains(text(),'Classic')]' is displayed.</msg>
<status status="PASS" starttime="20210906 17:50:26.565" endtime="20210906 17:50:26.581"/>
</kw>
<status status="PASS" starttime="20210906 17:50:25.518" endtime="20210906 17:50:26.581"/>
</kw>
<kw name="Click &amp; Verify More Actions - Modes" library="scenarioGeneric">
<doc>This will click &amp; verify More Actions - Modes</doc>
<kw name="Click Element" library="SeleniumLibrary">
<arg>${pageButton_modes}</arg>
<doc>Click the element identified by ``locator``.</doc>
<msg timestamp="20210906 17:50:26.582" level="INFO">Clicking element '//span[contains(text(),'Modes')]'.</msg>
<status status="PASS" starttime="20210906 17:50:26.582" endtime="20210906 17:50:26.611"/>
</kw>
<kw name="Sleep" library="BuiltIn">
<arg>1</arg>
<doc>Pauses the test executed for the given time.</doc>
<msg timestamp="20210906 17:50:27.612" level="INFO">Slept 1 second</msg>
<status status="PASS" starttime="20210906 17:50:26.611" endtime="20210906 17:50:27.612"/>
</kw>
<kw name="Element Should Be Visible" library="SeleniumLibrary">
<arg>${pageButton_modeLight}</arg>
<doc>Verifies that the element identified by ``locator`` is visible.</doc>
<msg timestamp="20210906 17:50:27.630" level="INFO">Element '//a[contains(text(),'Light')]' is displayed.</msg>
<status status="PASS" starttime="20210906 17:50:27.612" endtime="20210906 17:50:27.630"/>
</kw>
<kw name="Element Should Be Visible" library="SeleniumLibrary">
<arg>${pageButton_modeDark}</arg>
<doc>Verifies that the element identified by ``locator`` is visible.</doc>
<msg timestamp="20210906 17:50:27.646" level="INFO">Element '//a[contains(text(),'Dark')]' is displayed.</msg>
<status status="PASS" starttime="20210906 17:50:27.630" endtime="20210906 17:50:27.646"/>
</kw>
<kw name="Element Should Be Visible" library="SeleniumLibrary">
<arg>${pageButton_modeHighContrast}</arg>
<doc>Verifies that the element identified by ``locator`` is visible.</doc>
<msg timestamp="20210906 17:50:27.662" level="INFO">Element '//a[contains(text(),'High Contrast')]' is displayed.</msg>
<status status="PASS" starttime="20210906 17:50:27.646" endtime="20210906 17:50:27.662"/>
</kw>
<status status="PASS" starttime="20210906 17:50:26.582" endtime="20210906 17:50:27.662"/>
</kw>
<kw name="Click &amp; Verify More Actions - Colors" library="scenarioGeneric">
<doc>This will click &amp; verify More Actions - Colors</doc>
<kw name="Click Element" library="SeleniumLibrary">
<arg>${pageButton_colors}</arg>
<doc>Click the element identified by ``locator``.</doc>
<msg timestamp="20210906 17:50:27.663" level="INFO">Clicking element '//span[contains(text(),'Colors')]'.</msg>
<status status="PASS" starttime="20210906 17:50:27.663" endtime="20210906 17:50:27.690"/>
</kw>
<kw name="Sleep" library="BuiltIn">
<arg>3</arg>
<doc>Pauses the test executed for the given time.</doc>
<msg timestamp="20210906 17:50:30.691" level="INFO">Slept 3 seconds</msg>
<status status="PASS" starttime="20210906 17:50:27.690" endtime="20210906 17:50:30.691"/>
</kw>
<kw name="Element Should Be Visible" library="SeleniumLibrary">
<arg>${pageButton_colorDefault}</arg>
<doc>Verifies that the element identified by ``locator`` is visible.</doc>
<msg timestamp="20210906 17:50:30.709" level="INFO">Element '//a[contains(text(),'Default')]' is displayed.</msg>
<status status="PASS" starttime="20210906 17:50:30.691" endtime="20210906 17:50:30.709"/>
</kw>
<kw name="Element Should Be Visible" library="SeleniumLibrary">
<arg>${pageButton_colorAmber}</arg>
<doc>Verifies that the element identified by ``locator`` is visible.</doc>
<msg timestamp="20210906 17:50:30.726" level="INFO">Element '//a[contains(text(),'Amber')]' is displayed.</msg>
<status status="PASS" starttime="20210906 17:50:30.709" endtime="20210906 17:50:30.726"/>
</kw>
<kw name="Element Should Be Visible" library="SeleniumLibrary">
<arg>${pageButton_colorAmethyst}</arg>
<doc>Verifies that the element identified by ``locator`` is visible.</doc>
<msg timestamp="20210906 17:50:30.741" level="INFO">Element '//a[contains(text(),'Amethyst')]' is displayed.</msg>
<status status="PASS" starttime="20210906 17:50:30.726" endtime="20210906 17:50:30.741"/>
</kw>
<kw name="Element Should Be Visible" library="SeleniumLibrary">
<arg>${pageButton_colorAzure}</arg>
<doc>Verifies that the element identified by ``locator`` is visible.</doc>
<msg timestamp="20210906 17:50:30.756" level="INFO">Element '//a[contains(text(),'Azure')]' is displayed.</msg>
<status status="PASS" starttime="20210906 17:50:30.741" endtime="20210906 17:50:30.756"/>
</kw>
<kw name="Element Should Be Visible" library="SeleniumLibrary">
<arg>${pageButton_colorEmerald}</arg>
<doc>Verifies that the element identified by ``locator`` is visible.</doc>
<msg timestamp="20210906 17:50:30.771" level="INFO">Element '//a[contains(text(),'Emerald')]' is displayed.</msg>
<status status="PASS" starttime="20210906 17:50:30.756" endtime="20210906 17:50:30.771"/>
</kw>
<kw name="Element Should Be Visible" library="SeleniumLibrary">
<arg>${pageButton_colorGraphite}</arg>
<doc>Verifies that the element identified by ``locator`` is visible.</doc>
<msg timestamp="20210906 17:50:30.785" level="INFO">Element '//a[contains(text(),'Graphite')]' is displayed.</msg>
<status status="PASS" starttime="20210906 17:50:30.771" endtime="20210906 17:50:30.785"/>
</kw>
<kw name="Element Should Be Visible" library="SeleniumLibrary">
<arg>${pageButton_colorRuby}</arg>
<doc>Verifies that the element identified by ``locator`` is visible.</doc>
<msg timestamp="20210906 17:50:30.799" level="INFO">Element '//a[contains(text(),'Ruby')]' is displayed.</msg>
<status status="PASS" starttime="20210906 17:50:30.785" endtime="20210906 17:50:30.799"/>
[...]
<status status="PASS" starttime="20210906 18:01:43.542" endtime="20210906 18:01:43.571"/>
</kw>
<kw name="Sleep" library="BuiltIn">
<arg>4</arg>
<doc>Pauses the test executed for the given time.</doc>
<msg timestamp="20210906 18:01:47.572" level="INFO">Slept 4 seconds</msg>
<status status="PASS" starttime="20210906 18:01:43.571" endtime="20210906 18:01:47.572"/>
</kw>
<kw name="Click Element" library="SeleniumLibrary">
<arg>${pageButton_colors}</arg>
<doc>Click the element identified by ``locator``.</doc>
<msg timestamp="20210906 18:01:47.573" level="INFO">Clicking element '//span[contains(text(),'Colors')]'.</msg>
<status status="PASS" starttime="20210906 18:01:47.572" endtime="20210906 18:01:47.595"/>
</kw>
<kw name="Sleep" library="BuiltIn">
<arg>3</arg>
<doc>Pauses the test executed for the given time.</doc>
<msg timestamp="20210906 18:01:50.596" level="INFO">Slept 3 seconds</msg>
<status status="PASS" starttime="20210906 18:01:47.595" endtime="20210906 18:01:50.597"/>
</kw>
<kw name="Click Element" library="SeleniumLibrary">
<arg>${pageButton_colorAzure}</arg>
<doc>Click the element identified by ``locator``.</doc>
<msg timestamp="20210906 18:01:50.598" level="INFO">Clicking element '//a[contains(text(),'Azure')]'.</msg>
<status status="PASS" starttime="20210906 18:01:50.597" endtime="20210906 18:01:50.641"/>
</kw>
<kw name="Sleep" library="BuiltIn">
<arg>4</arg>
<doc>Pauses the test executed for the given time.</doc>
<msg timestamp="20210906 18:01:54.642" level="INFO">Slept 4 seconds</msg>
<status status="PASS" starttime="20210906 18:01:50.642" endtime="20210906 18:01:54.642"/>
</kw>
<kw name="Wait Until Element Is Enabled" library="SeleniumLibrary">
<arg>${pageColor_azure}</arg>
<doc>Waits until the element ``locator`` is enabled.</doc>
<status status="PASS" starttime="20210906 18:01:54.643" endtime="20210906 18:01:54.663"/>
</kw>
<kw name="Sleep" library="BuiltIn">
<arg>3</arg>
<doc>Pauses the test executed for the given time.</doc>
<msg timestamp="20210906 18:01:57.664" level="INFO">Slept 3 seconds</msg>
<status status="PASS" starttime="20210906 18:01:54.663" endtime="20210906 18:01:57.664"/>
</kw>
<kw name="Click Element" library="SeleniumLibrary">
<arg>${pageButton_moreActions}</arg>
<doc>Click the element identified by ``locator``.</doc>
<msg timestamp="20210906 18:01:57.665" level="INFO">Clicking element '//button[@id='header-more-actions']'.</msg>
<status status="PASS" starttime="20210906 18:01:57.665" endtime="20210906 18:01:57.696"/>
</kw>
<kw name="Sleep" library="BuiltIn">
<arg>4</arg>
<doc>Pauses the test executed for the given time.</doc>
<msg timestamp="20210906 18:02:01.698" level="INFO">Slept 4 seconds</msg>
<status status="PASS" starttime="20210906 18:01:57.696" endtime="20210906 18:02:01.698"/>
</kw>
<kw name="Click Element" library="SeleniumLibrary">
<arg>${pageButton_colors}</arg>
<doc>Click the element identified by ``locator``.</doc>
<msg timestamp="20210906 18:02:01.698" level="INFO">Clicking element '//span[contains(text(),'Colors')]'.</msg>
<status status="PASS" starttime="20210906 18:02:01.698" endtime="20210906 18:02:01.720"/>
</kw>
<kw name="Sleep" library="BuiltIn">
<arg>3</arg>
<doc>Pauses the test executed for the given time.</doc>
<msg timestamp="20210906 18:02:04.721" level="INFO">Slept 3 seconds</msg>
<status status="PASS" starttime="20210906 18:02:01.720" endtime="20210906 18:02:04.721"/>
</kw>
<kw name="Click Element" library="SeleniumLibrary">
<arg>${pageButton_colorEmerald}</arg>
<doc>Click the element identified by ``locator``.</doc>
<msg timestamp="20210906 18:02:04.722" level="INFO">Clicking element '//a[contains(text(),'Emerald')]'.</msg>
<status status="PASS" starttime="20210906 18:02:04.721" endtime="20210906 18:02:04.766"/>
</kw>
<kw name="Sleep" library="BuiltIn">
<arg>4</arg>
<doc>Pauses the test executed for the given time.</doc>
<msg timestamp="20210906 18:02:08.771" level="INFO">Slept 4 seconds</msg>
<status status="PASS" starttime="20210906 18:02:04.766" endtime="20210906 18:02:08.771"/>
</kw>
<kw name="Wait Until Element Is Enabled" library="SeleniumLibrary">
<arg>${pageColor_emerald}</arg>
<doc>Waits until the element ``locator`` is enabled.</doc>
<status status="PASS" starttime="20210906 18:02:08.771" endtime="20210906 18:02:08.791"/>
</kw>
<kw name="Sleep" library="BuiltIn">
<arg>3</arg>
<doc>Pauses the test executed for the given time.</doc>
<msg timestamp="20210906 18:02:11.794" level="INFO">Slept 3 seconds</msg>
<status status="PASS" starttime="20210906 18:02:08.791" endtime="20210906 18:02:11.794"/>
</kw>
<kw name="Click Element" library="SeleniumLibrary">
<arg>${pageButton_moreActions}</arg>
<doc>Click the element identified by ``locator``.</doc>
<msg timestamp="20210906 18:02:11.795" level="INFO">Clicking element '//button[@id='header-more-actions']'.</msg>
<status status="PASS" starttime="20210906 18:02:11.795" endtime="20210906 18:02:11.824"/>
</kw>
<kw name="Sleep" library="BuiltIn">
<arg>4</arg>
<doc>Pauses the test executed for the given time.</doc>
<msg timestamp="20210906 18:02:15.825" level="INFO">Slept 4 seconds</msg>
<status status="PASS" starttime="20210906 18:02:11.825" endtime="20210906 18:02:15.825"/>
</kw>
<kw name="Click Element" library="SeleniumLibrary">
<arg>${pageButton_colors}</arg>
<doc>Click the element identified by ``locator``.</doc>
<msg timestamp="20210906 18:02:15.826" level="INFO">Clicking element '//span[contains(text(),'Colors')]'.</msg>
<status status="PASS" starttime="20210906 18:02:15.826" endtime="20210906 18:02:15.847"/>
</kw>
<kw name="Sleep" library="BuiltIn">
<arg>3</arg>
<doc>Pauses the test executed for the given time.</doc>
<msg timestamp="20210906 18:02:18.849" level="INFO">Slept 3 seconds</msg>
<status status="PASS" starttime="20210906 18:02:15.847" endtime="20210906 18:02:18.849"/>
</kw>
<kw name="Click Element" library="SeleniumLibrary">
<arg>${pageButton_colorGraphite}</arg>
<doc>Click the element identified by ``locator``.</doc>
<msg timestamp="20210906 18:02:18.850" level="INFO">Clicking element '//a[contains(text(),'Graphite')]'.</msg>
<status status="PASS" starttime="20210906 18:02:18.849" endtime="20210906 18:02:18.894"/>
</kw>
<kw name="Sleep" library="BuiltIn">
<arg>4</arg>
<doc>Pauses the test executed for the given time.</doc>
<msg timestamp="20210906 18:02:22.898" level="INFO">Slept 4 seconds</msg>
<status status="PASS" starttime="20210906 18:02:18.894" endtime="20210906 18:02:22.899"/>
</kw>
<kw name="Wait Until Element Is Enabled" library="SeleniumLibrary">
<arg>${pageColor_graphite}</arg>
<doc>Waits until the element ``locator`` is enabled.</doc>
<status status="PASS" starttime="20210906 18:02:22.899" endtime="20210906 18:02:22.920"/>
</kw>
<kw name="Sleep" library="BuiltIn">
<arg>3</arg>
<doc>Pauses the test executed for the given time.</doc>
<msg timestamp="20210906 18:02:25.922" level="INFO">Slept 3 seconds</msg>
<status status="PASS" starttime="20210906 18:02:22.920" endtime="20210906 18:02:25.922"/>
</kw>
<kw name="Click Element" library="SeleniumLibrary">
<arg>${pageButton_moreActions}</arg>
<doc>Click the element identified by ``locator``.</doc>
<msg timestamp="20210906 18:02:25.923" level="INFO">Clicking element '//button[@id='header-more-actions']'.</msg>
<status status="PASS" starttime="20210906 18:02:25.922" endtime="20210906 18:02:25.951"/>
</kw>
<kw name="Sleep" library="BuiltIn">
<arg>4</arg>
<doc>Pauses the test executed for the given time.</doc>
<msg timestamp="20210906 18:02:29.952" level="INFO">Slept 4 seconds</msg>
<status status="PASS" starttime="20210906 18:02:25.951" endtime="20210906 18:02:29.952"/>
</kw>
<kw name="Click Element" library="SeleniumLibrary">
<arg>${pageButton_colors}</arg>
<doc>Click the element identified by ``locator``.</doc>
<msg timestamp="20210906 18:02:29.953" level="INFO">Clicking element '//span[contains(text(),'Colors')]'.</msg>
<status status="PASS" starttime="20210906 18:02:29.953" endtime="20210906 18:02:29.975"/>
</kw>
<kw name="Sleep" library="BuiltIn">
<arg>3</arg>
<doc>Pauses the test executed for the given time.</doc>
<msg timestamp="20210906 18:02:32.976" level="INFO">Slept 3 seconds</msg>
<status status="PASS" starttime="20210906 18:02:29.975" endtime="20210906 18:02:32.977"/>
</kw>
<kw name="Click Element" library="SeleniumLibrary">
<arg>${pageButton_colorRuby}</arg>
<doc>Click the element identified by ``locator``.</doc>
<msg timestamp="20210906 18:02:32.977" level="INFO">Clicking element '//a[contains(text(),'Ruby')]'.</msg>
<status status="PASS" starttime="20210906 18:02:32.977" endtime="20210906 18:02:33.026"/>
</kw>
<kw name="Sleep" library="BuiltIn">
<arg>4</arg>
<doc>Pauses the test executed for the given time.</doc>
<msg timestamp="20210906 18:02:37.027" level="INFO">Slept 4 seconds</msg>
<status status="PASS" starttime="20210906 18:02:33.026" endtime="20210906 18:02:37.027"/>
</kw>
<kw name="Wait Until Element Is Enabled" library="SeleniumLibrary">
<arg>${pageColor_ruby}</arg>
<doc>Waits until the element ``locator`` is enabled.</doc>
<status status="PASS" starttime="20210906 18:02:37.027" endtime="20210906 18:02:37.047"/>
</kw>
<kw name="Sleep" library="BuiltIn">
<arg>3</arg>
<doc>Pauses the test executed for the given time.</doc>
<msg timestamp="20210906 18:02:40.048" level="INFO">Slept 3 seconds</msg>
<status status="PASS" starttime="20210906 18:02:37.047" endtime="20210906 18:02:40.048"/>
</kw>
<kw name="Click Element" library="SeleniumLibrary">
<arg>${pageButton_moreActions}</arg>
<doc>Click the element identified by ``locator``.</doc>
<msg timestamp="20210906 18:02:40.049" level="INFO">Clicking element '//button[@id='header-more-actions']'.</msg>
<status status="PASS" starttime="20210906 18:02:40.048" endtime="20210906 18:02:40.079"/>
</kw>
<kw name="Sleep" library="BuiltIn">
<arg>4</arg>
<doc>Pauses the test executed for the given time.</doc>
<msg timestamp="20210906 18:02:44.079" level="INFO">Slept 4 seconds</msg>
<status status="PASS" starttime="20210906 18:02:40.079" endtime="20210906 18:02:44.080"/>
</kw>
<kw name="Click Element" library="SeleniumLibrary">
<arg>${pageButton_colors}</arg>
<doc>Click the element identified by ``locator``.</doc>
<msg timestamp="20210906 18:02:44.081" level="INFO">Clicking element '//span[contains(text(),'Colors')]'.</msg>
<status status="PASS" starttime="20210906 18:02:44.080" endtime="20210906 18:02:44.104"/>
</kw>
<kw name="Sleep" library="BuiltIn">
<arg>3</arg>
<doc>Pauses the test executed for the given time.</doc>
<msg timestamp="20210906 18:02:47.106" level="INFO">Slept 3 seconds</msg>
<status status="PASS" starttime="20210906 18:02:44.104" endtime="20210906 18:02:47.106"/>
</kw>
<kw name="Click Element" library="SeleniumLibrary">
<arg>${pageButton_colorSlate}</arg>
<doc>Click the element identified by ``locator``.</doc>
<msg timestamp="20210906 18:02:47.107" level="INFO">Clicking element '//a[contains(text(),'Slate')]'.</msg>
<status status="PASS" starttime="20210906 18:02:47.106" endtime="20210906 18:02:47.154"/>
</kw>
<kw name="Sleep" library="BuiltIn">
<arg>4</arg>
<doc>Pauses the test executed for the given time.</doc>
<msg timestamp="20210906 18:02:51.154" level="INFO">Slept 4 seconds</msg>
<status status="PASS" starttime="20210906 18:02:47.154" endtime="20210906 18:02:51.154"/>
</kw>
<kw name="Wait Until Element Is Enabled" library="SeleniumLibrary">
<arg>${pageColor_slate}</arg>
<doc>Waits until the element ``locator`` is enabled.</doc>
<status status="PASS" starttime="20210906 18:02:51.155" endtime="20210906 18:02:51.175"/>
</kw>
<kw name="Sleep" library="BuiltIn">
<arg>3</arg>
<doc>Pauses the test executed for the given time.</doc>
<msg timestamp="20210906 18:02:54.176" level="INFO">Slept 3 seconds</msg>
<status status="PASS" starttime="20210906 18:02:51.175" endtime="20210906 18:02:54.176"/>
</kw>
<kw name="Click Element" library="SeleniumLibrary">
<arg>${pageButton_moreActions}</arg>
<doc>Click the element identified by ``locator``.</doc>
<msg timestamp="20210906 18:02:54.177" level="INFO">Clicking element '//button[@id='header-more-actions']'.</msg>
<status status="PASS" starttime="20210906 18:02:54.177" endtime="20210906 18:02:54.206"/>
</kw>
<kw name="Sleep" library="BuiltIn">
<arg>4</arg>
<doc>Pauses the test executed for the given time.</doc>
<msg timestamp="20210906 18:02:58.207" level="INFO">Slept 4 seconds</msg>
<status status="PASS" starttime="20210906 18:02:54.207" endtime="20210906 18:02:58.207"/>
</kw>
<kw name="Click Element" library="SeleniumLibrary">
<arg>${pageButton_colors}</arg>
<doc>Click the element identified by ``locator``.</doc>
<msg timestamp="20210906 18:02:58.208" level="INFO">Clicking element '//span[contains(text(),'Colors')]'.</msg>
<status status="PASS" starttime="20210906 18:02:58.207" endtime="20210906 18:02:58.229"/>
</kw>
<kw name="Sleep" library="BuiltIn">
<arg>3</arg>
<doc>Pauses the test executed for the given time.</doc>
<msg timestamp="20210906 18:03:01.230" level="INFO">Slept 3 seconds</msg>
<status status="PASS" starttime="20210906 18:02:58.230" endtime="20210906 18:03:01.230"/>
</kw>
<kw name="Click Element" library="SeleniumLibrary">
<arg>${pageButton_colorTurquoise}</arg>
<doc>Click the element identified by ``locator``.</doc>
<msg timestamp="20210906 18:03:01.231" level="INFO">Clicking element '//a[contains(text(),'Turquoise')]'.</msg>
<status status="PASS" starttime="20210906 18:03:01.230" endtime="20210906 18:03:01.279"/>
</kw>
<kw name="Sleep" library="BuiltIn">
<arg>4</arg>
<doc>Pauses the test executed for the given time.</doc>
<msg timestamp="20210906 18:03:05.280" level="INFO">Slept 4 seconds</msg>
<status status="PASS" starttime="20210906 18:03:01.280" endtime="20210906 18:03:05.281"/>
</kw>
<kw name="Wait Until Element Is Enabled" library="SeleniumLibrary">
<arg>${pageColor_Turquoise}</arg>
<doc>Waits until the element ``locator`` is enabled.</doc>
<status status="PASS" starttime="20210906 18:03:05.281" endtime="20210906 18:03:05.300"/>
</kw>
<status status="PASS" starttime="20210906 18:00:46.953" endtime="20210906 18:03:05.301"/>
</kw>
<kw name="Verify &amp; Click the contents of the Table on Example Drilldown" library="scenarioDatagridBatch1">
<doc>This will verify Table and its contents on Example Drilldown</doc>
<kw name="Element Should Be Visible" library="SeleniumLibrary">
<arg>${pageDrilldown_dghtHeader}</arg>
<doc>Verifies that the element identified by ``locator`` is visible.</doc>
<kw name="Capture Page Screenshot" library="SeleniumLibrary">
<doc>Takes a screenshot of the current page and embeds it into a log file.</doc>
<msg timestamp="20210906 18:03:05.642" level="INFO" html="true">&lt;/td&gt;&lt;/tr&gt;&lt;tr&gt;&lt;td colspan="3"&gt;&lt;a href="selenium-screenshot-20.png"&gt;&lt;img src="selenium-screenshot-20.png" width="800px"&gt;&lt;/a&gt;</msg>
<status status="PASS" starttime="20210906 18:03:05.310" endtime="20210906 18:03:05.642"/>
</kw>
<msg timestamp="20210906 18:03:05.642" level="FAIL">Element with locator '//div[@class and @aria-label='Data Grid Header Title (7 results)']' not found.</msg>
<status status="FAIL" starttime="20210906 18:03:05.301" endtime="20210906 18:03:05.642"/>
</kw>
<kw name="Element Should Be Visible" library="SeleniumLibrary">
<arg>${pageDrilldown_productIdColumnHeader}</arg>
<doc>Verifies that the element identified by ``locator`` is visible.</doc>
<status status="NOT RUN" starttime="20210906 18:03:05.643" endtime="20210906 18:03:05.643"/>
</kw>
<kw name="Element Should Be Visible" library="SeleniumLibrary">
<arg>${pageDrilldown_prodNameColumnHeader}</arg>
<doc>Verifies that the element identified by ``locator`` is visible.</doc>
<status status="NOT RUN" starttime="20210906 18:03:05.643" endtime="20210906 18:03:05.643"/>
</kw>
<kw name="Element Should Be Visible" library="SeleniumLibrary">
<arg>${pageDrilldown_quantityColumnHeader}</arg>
<doc>Verifies that the element identified by ``locator`` is visible.</doc>
<status status="NOT RUN" starttime="20210906 18:03:05.643" endtime="20210906 18:03:05.643"/>
</kw>
<kw name="Element Should Be Visible" library="SeleniumLibrary">
<arg>${pageDrilldown_priceColumnHeader}</arg>
<doc>Verifies that the element identified by ``locator`` is visible.</doc>
<status status="NOT RUN" starttime="20210906 18:03:05.643" endtime="20210906 18:03:05.643"/>
</kw>
<kw name="Element Should Be Visible" library="SeleniumLibrary">
<arg>${pageDrilldown_orderDateColumnHeader}</arg>
<doc>Verifies that the element identified by ``locator`` is visible.</doc>
<status status="NOT RUN" starttime="20210906 18:03:05.643" endtime="20210906 18:03:05.643"/>
</kw>
<status status="FAIL" starttime="20210906 18:03:05.301" endtime="20210906 18:03:05.643"/>
</kw>
<kw name="Verify and Update Modes &amp; Colors - Classic" library="scenarioGeneric">
<doc>This will verify &amp; update Modes &amp; Colors - Classic</doc>
<status status="NOT RUN" starttime="20210906 18:03:05.644" endtime="20210906 18:03:05.644"/>
</kw>
<doc>This will verify more actions (versions, modes, &amp; colors), toast and if the tables and its contents are rendered correctly</doc>
<status status="FAIL" starttime="20210906 18:00:37.961" endtime="20210906 18:03:05.644">Element with locator '//div[@class and @aria-label='Data Grid Header Title (7 results)']' not found.</status>
</test>
<test id="s1-t15" name="Ending Script Execution">
<kw name="Closing Browser" library="scenarioGeneric">
<doc>This will close the browser opened</doc>
<kw name="Sleep" library="BuiltIn">
<arg>2</arg>
<doc>Pauses the test executed for the given time.</doc>
<msg timestamp="20210906 18:03:07.647" level="INFO">Slept 2 seconds</msg>
<status status="PASS" starttime="20210906 18:03:05.645" endtime="20210906 18:03:07.647"/>
</kw>
<kw name="Close Browser" library="SeleniumLibrary">
<doc>Closes the current browser.</doc>
<status status="PASS" starttime="20210906 18:03:07.647" endtime="20210906 18:03:07.855"/>
</kw>
<status status="PASS" starttime="20210906 18:03:05.645" endtime="20210906 18:03:07.855"/>
</kw>
<doc>This will close the browser and end the script execution</doc>
<status status="PASS" starttime="20210906 18:03:05.644" endtime="20210906 18:03:07.856"/>
</test>
<doc>This will show all the Test Cases that can be found in Datagrid Component 1st batch
This file also includes all the scripts for Datagrid Component 1st batch</doc>
<status status="FAIL" starttime="20210906 17:45:15.472" endtime="20210906 18:03:07.857"/>
</suite>
<statistics>
<total>
<stat pass="12" fail="3" skip="0">All Tests</stat>
</total>
<tag>
</tag>
<suite>
<stat pass="12" fail="3" skip="0" id="s1" name="IDS Datagrid Batch1">IDS Datagrid Batch1</stat>
</suite>
</statistics>
<errors>
<msg timestamp="20210906 17:50:16.688" level="WARN">Multiple test cases with name 'Load Datagrid Component' executed in test suite 'IDS Datagrid Batch1'.</msg>
<msg timestamp="20210906 17:55:21.057" level="WARN">Multiple test cases with name 'Ending Script Execution' executed in test suite 'IDS Datagrid Batch1'.</msg>
<msg timestamp="20210906 17:55:23.267" level="WARN">Multiple test cases with name 'Load Datagrid Component' executed in test suite 'IDS Datagrid Batch1'.</msg>
<msg timestamp="20210906 17:57:55.956" level="WARN">Multiple test cases with name 'Ending Script Execution' executed in test suite 'IDS Datagrid Batch1'.</msg>
<msg timestamp="20210906 17:57:58.149" level="WARN">Multiple test cases with name 'Load Datagrid Component' executed in test suite 'IDS Datagrid Batch1'.</msg>
<msg timestamp="20210906 18:00:30.662" level="WARN">Multiple test cases with name 'Ending Script Execution' executed in test suite 'IDS Datagrid Batch1'.</msg>
<msg timestamp="20210906 18:00:32.877" level="WARN">Multiple test cases with name 'Load Datagrid Component' executed in test suite 'IDS Datagrid Batch1'.</msg>
<msg timestamp="20210906 18:03:05.644" level="WARN">Multiple test cases with name 'Ending Script Execution' executed in test suite 'IDS Datagrid Batch1'.</msg>
</errors>
</robot>
