<?xml version="1.0" encoding="UTF-8"?>
<robot generator="Robot 4.1 (Python 3.9.6 on darwin)" generated="20210906 16:41:32.598" rpa="false" schemaversion="2">
<suite id="s1" name="IDS Datagrid Batch2" source="/Users/nganotice/PycharmProjects/IDS/Scripts/Datagrid/IDS_Datagrid_Batch2.robot">
<test id="s1-t1" name="Click Example Example Columnsizing, Verify More Actions - New, Table, &amp; More Actions - Classic">
<kw name="Click Example Columnsizing" library="scenarioDatagridBatch2">
<doc>This will open and verify Example Columnsizing</doc>
<kw name="Click Element" library="SeleniumLibrary">
<arg>${pageDatagrid_exampleColumnsizingTitle}</arg>
<doc>Click the element identified by ``locator``.</doc>
<msg timestamp="20210906 16:41:32.863" level="INFO">Clicking element '//span[contains(text(),'example columnsizing')]'.</msg>
<kw name="Capture Page Screenshot" library="SeleniumLibrary">
<doc>Takes a screenshot of the current page and embeds it into a log file.</doc>
<msg timestamp="20210906 16:41:32.863" level="INFO">Cannot capture screenshot because no browser is open.</msg>
<status status="PASS" starttime="20210906 16:41:32.863" endtime="20210906 16:41:32.863"/>
</kw>
<msg timestamp="20210906 16:41:32.874" level="FAIL">No browser is open.</msg>
<status status="FAIL" starttime="20210906 16:41:32.862" endtime="20210906 16:41:32.874"/>
</kw>
<kw name="Sleep" library="BuiltIn">
<arg>1</arg>
<doc>Pauses the test executed for the given time.</doc>
<status status="NOT RUN" starttime="20210906 16:41:32.874" endtime="20210906 16:41:32.875"/>
</kw>
<kw name="Wait Until Location Contains" library="SeleniumLibrary">
<arg>${datagrid_columnsizingURL}</arg>
<doc>Waits until the current URL contains ``expected``.</doc>
<status status="NOT RUN" starttime="20210906 16:41:32.875" endtime="20210906 16:41:32.875"/>
</kw>
<status status="FAIL" starttime="20210906 16:41:32.862" endtime="20210906 16:41:32.876"/>
</kw>
<kw name="Verify More Actions" library="scenarioGeneric">
<doc>This will verify More Actions</doc>
<status status="NOT RUN" starttime="20210906 16:41:32.876" endtime="20210906 16:41:32.876"/>
</kw>
<kw name="Click &amp; Verify More Actions - Versions" library="scenarioGeneric">
<doc>This will click &amp; verify More Actions - Versions</doc>
<status status="NOT RUN" starttime="20210906 16:41:32.876" endtime="20210906 16:41:32.876"/>
</kw>
<kw name="Click &amp; Verify More Actions - Modes" library="scenarioGeneric">
<doc>This will click &amp; verify More Actions - Modes</doc>
<status status="NOT RUN" starttime="20210906 16:41:32.877" endtime="20210906 16:41:32.877"/>
</kw>
<kw name="Click &amp; Verify More Actions - Colors" library="scenarioGeneric">
<doc>This will click &amp; verify More Actions - Colors</doc>
<status status="NOT RUN" starttime="20210906 16:41:32.877" endtime="20210906 16:41:32.877"/>
</kw>
<kw name="Verify and Update Modes &amp; Colors - New" library="scenarioGeneric">
<doc>This will verify &amp; update Modes &amp; Colors - New</doc>
<status status="NOT RUN" starttime="20210906 16:41:32.877" endtime="20210906 16:41:32.877"/>
</kw>
<kw name="Verify Table Columnsizing" library="scenarioDatagridBatch2">
<doc>This will verify all tables &amp; will drag the columns</doc>
<status status="NOT RUN" starttime="20210906 16:41:32.877" endtime="20210906 16:41:32.877"/>
</kw>
<kw name="Verify and Update Modes &amp; Colors - Classic" library="scenarioGeneric">
<doc>This will verify &amp; update Modes &amp; Colors - Classic</doc>
<status status="NOT RUN" starttime="20210906 16:41:32.878" endtime="20210906 16:41:32.878"/>
</kw>
<doc>This will verify more actions (versions, modes, &amp; colors) and Table Columnsizing</doc>
<status status="FAIL" starttime="20210906 16:41:32.861" endtime="20210906 16:41:32.878">No browser is open.</status>
</test>
<test id="s1-t2" name="Ending Script Execution">
<kw name="Closing Browser" library="scenarioGeneric">
<doc>This will close the browser opened</doc>
<kw name="Sleep" library="BuiltIn">
<arg>2</arg>
<doc>Pauses the test executed for the given time.</doc>
<msg timestamp="20210906 16:41:34.882" level="INFO">Slept 2 seconds</msg>
<status status="PASS" starttime="20210906 16:41:32.879" endtime="20210906 16:41:34.882"/>
</kw>
<kw name="Close Browser" library="SeleniumLibrary">
<doc>Closes the current browser.</doc>
<status status="PASS" starttime="20210906 16:41:34.882" endtime="20210906 16:41:34.883"/>
</kw>
<status status="PASS" starttime="20210906 16:41:32.879" endtime="20210906 16:41:34.883"/>
</kw>
<doc>This will close the browser and end the script execution</doc>
<status status="PASS" starttime="20210906 16:41:32.878" endtime="20210906 16:41:34.883"/>
</test>
<test id="s1-t3" name="Load Datagrid Component">
<kw name="Load Datagrid Component" library="scenarioDatagridBatch2">
<doc>This will open a browser &amp; Datagrid Component</doc>
<kw name="Open Browser" library="SeleniumLibrary">
<arg>${test_datagridURL}</arg>
<arg>${browser_C}</arg>
<doc>Opens a new browser instance to the optional ``url``.</doc>
<msg timestamp="20210906 16:41:34.886" level="INFO">Opening browser 'Chrome' to base url 'https://main-enterprise.demo.design.infor.com/components/datagrid/list'.</msg>
<status status="PASS" starttime="20210906 16:41:34.885" endtime="20210906 16:41:40.372"/>
</kw>
<kw name="Maximize Browser Window" library="SeleniumLibrary">
<doc>Maximizes current browser window.</doc>
<status status="PASS" starttime="20210906 16:41:40.373" endtime="20210906 16:41:40.564"/>
</kw>
<kw name="Wait Until Location Contains" library="SeleniumLibrary">
<arg>${test_datagrid_URL}</arg>
<doc>Waits until the current URL contains ``expected``.</doc>
<status status="PASS" starttime="20210906 16:41:40.564" endtime="20210906 16:41:40.568"/>
</kw>
<kw name="Wait Until Page Contains Element" library="SeleniumLibrary">
<arg>${pageDatagrid_verifyHeader}</arg>
<arg>timeout=60</arg>
<doc>Waits until the element ``locator`` appears on the current page.</doc>
<msg timestamp="20210906 16:41:40.572" level="FAIL">Variable '${pageDatagrid_verifyHeader}' not found.</msg>
<status status="FAIL" starttime="20210906 16:41:40.568" endtime="20210906 16:41:40.572"/>
</kw>
<status status="FAIL" starttime="20210906 16:41:34.885" endtime="20210906 16:41:40.573"/>
</kw>
<doc>This will load datagrid component</doc>
<status status="FAIL" starttime="20210906 16:41:34.884" endtime="20210906 16:41:40.573">Variable '${pageDatagrid_verifyHeader}' not found.</status>
</test>
<test id="s1-t4" name="Click Example Compact Mode, Verify More Actions - Compact Mode size">
<kw name="Click Example Compact Mode" library="scenarioDatagridBatch2">
<doc>This will open and verify Example Compact Mode</doc>
<kw name="Click Element" library="SeleniumLibrary">
<arg>${pageDatagrid_exampleCompactModeTitle}</arg>
<doc>Click the element identified by ``locator``.</doc>
<msg timestamp="20210906 16:41:40.576" level="INFO">Clicking element '//span[contains(text(),'example compact mode')]'.</msg>
<status status="PASS" starttime="20210906 16:41:40.575" endtime="20210906 16:41:42.257"/>
</kw>
<kw name="Sleep" library="BuiltIn">
<arg>1</arg>
<doc>Pauses the test executed for the given time.</doc>
<msg timestamp="20210906 16:41:43.257" level="INFO">Slept 1 second</msg>
<status status="PASS" starttime="20210906 16:41:42.257" endtime="20210906 16:41:43.258"/>
</kw>
<kw name="Wait Until Location Contains" library="SeleniumLibrary">
<arg>${datagrid_compactModeURL}</arg>
<doc>Waits until the current URL contains ``expected``.</doc>
<status status="PASS" starttime="20210906 16:41:43.258" endtime="20210906 16:41:43.263"/>
</kw>
<status status="PASS" starttime="20210906 16:41:40.575" endtime="20210906 16:41:43.263"/>
</kw>
<kw name="Verify More Actions" library="scenarioGeneric">
<doc>This will verify More Actions</doc>
<kw name="Click Element" library="SeleniumLibrary">
<arg>${pageButton_moreActions}</arg>
<doc>Click the element identified by ``locator``.</doc>
<msg timestamp="20210906 16:41:43.264" level="INFO">Clicking element '//button[@id='header-more-actions']'.</msg>
<status status="PASS" starttime="20210906 16:41:43.264" endtime="20210906 16:41:43.345"/>
</kw>
<kw name="Sleep" library="BuiltIn">
<arg>1</arg>
<doc>Pauses the test executed for the given time.</doc>
<msg timestamp="20210906 16:41:44.348" level="INFO">Slept 1 second</msg>
<status status="PASS" starttime="20210906 16:41:43.346" endtime="20210906 16:41:44.348"/>
</kw>
<kw name="Element Should Be Visible" library="SeleniumLibrary">
<arg>${pageButton_versions}</arg>
<doc>Verifies that the element identified by ``locator`` is visible.</doc>
<msg timestamp="20210906 16:41:44.372" level="INFO">Element '//span[contains(text(),'Versions')]' is displayed.</msg>
<status status="PASS" starttime="20210906 16:41:44.348" endtime="20210906 16:41:44.372"/>
</kw>
<kw name="Element Should Be Visible" library="SeleniumLibrary">
<arg>${pageButton_modes}</arg>
<doc>Verifies that the element identified by ``locator`` is visible.</doc>
<msg timestamp="20210906 16:41:44.397" level="INFO">Element '//span[contains(text(),'Modes')]' is displayed.</msg>
<status status="PASS" starttime="20210906 16:41:44.372" endtime="20210906 16:41:44.397"/>
</kw>
<kw name="Element Should Be Visible" library="SeleniumLibrary">
<arg>${pageButton_colors}</arg>
<doc>Verifies that the element identified by ``locator`` is visible.</doc>
<msg timestamp="20210906 16:41:44.412" level="INFO">Element '//span[contains(text(),'Colors')]' is displayed.</msg>
<status status="PASS" starttime="20210906 16:41:44.397" endtime="20210906 16:41:44.412"/>
</kw>
<status status="PASS" starttime="20210906 16:41:43.263" endtime="20210906 16:41:44.413"/>
</kw>
<kw name="Click &amp; Verify More Actions - Versions" library="scenarioGeneric">
<doc>This will click &amp; verify More Actions - Versions</doc>
<kw name="Click Element" library="SeleniumLibrary">
<arg>${pageButton_versions}</arg>
<doc>Click the element identified by ``locator``.</doc>
<msg timestamp="20210906 16:41:44.413" level="INFO">Clicking element '//span[contains(text(),'Versions')]'.</msg>
<status status="PASS" starttime="20210906 16:41:44.413" endtime="20210906 16:41:44.439"/>
</kw>
<kw name="Sleep" library="BuiltIn">
<arg>1</arg>
<doc>Pauses the test executed for the given time.</doc>
<msg timestamp="20210906 16:41:45.441" level="INFO">Slept 1 second</msg>
<status status="PASS" starttime="20210906 16:41:44.440" endtime="20210906 16:41:45.441"/>
</kw>
<kw name="Element Should Be Visible" library="SeleniumLibrary">
<arg>${pageButton_versionNew}</arg>
<doc>Verifies that the element identified by ``locator`` is visible.</doc>
<msg timestamp="20210906 16:41:45.460" level="INFO">Element '//a[contains(text(),'New')]' is displayed.</msg>
<status status="PASS" starttime="20210906 16:41:45.441" endtime="20210906 16:41:45.460"/>
</kw>
<kw name="Element Should Be Visible" library="SeleniumLibrary">
<arg>${pageButton_versionClassic}</arg>
<doc>Verifies that the element identified by ``locator`` is visible.</doc>
<msg timestamp="20210906 16:41:45.476" level="INFO">Element '//a[contains(text(),'Classic')]' is displayed.</msg>
<status status="PASS" starttime="20210906 16:41:45.460" endtime="20210906 16:41:45.476"/>
</kw>
<status status="PASS" starttime="20210906 16:41:44.413" endtime="20210906 16:41:45.476"/>
</kw>
<kw name="Click &amp; Verify More Actions - Modes" library="scenarioGeneric">
<doc>This will click &amp; verify More Actions - Modes</doc>
<kw name="Click Element" library="SeleniumLibrary">
<arg>${pageButton_modes}</arg>
<doc>Click the element identified by ``locator``.</doc>
<msg timestamp="20210906 16:41:45.477" level="INFO">Clicking element '//span[contains(text(),'Modes')]'.</msg>
<status status="PASS" starttime="20210906 16:41:45.477" endtime="20210906 16:41:45.506"/>
</kw>
<kw name="Sleep" library="BuiltIn">
<arg>1</arg>
<doc>Pauses the test executed for the given time.</doc>
<msg timestamp="20210906 16:41:46.508" level="INFO">Slept 1 second</msg>
<status status="PASS" starttime="20210906 16:41:45.506" endtime="20210906 16:41:46.508"/>
</kw>
<kw name="Element Should Be Visible" library="SeleniumLibrary">
<arg>${pageButton_modeLight}</arg>
<doc>Verifies that the element identified by ``locator`` is visible.</doc>
<msg timestamp="20210906 16:41:46.527" level="INFO">Element '//a[contains(text(),'Light')]' is displayed.</msg>
<status status="PASS" starttime="20210906 16:41:46.509" endtime="20210906 16:41:46.528"/>
</kw>
<kw name="Element Should Be Visible" library="SeleniumLibrary">
<arg>${pageButton_modeDark}</arg>
<doc>Verifies that the element identified by ``locator`` is visible.</doc>
<kw name="Capture Page Screenshot" library="SeleniumLibrary">
<doc>Takes a screenshot of the current page and embeds it into a log file.</doc>
<msg timestamp="20210906 16:41:46.891" level="INFO" html="true">&lt;/td&gt;&lt;/tr&gt;&lt;tr&gt;&lt;td colspan="3"&gt;&lt;a href="selenium-screenshot-1.png"&gt;&lt;img src="selenium-screenshot-1.png" width="800px"&gt;&lt;/a&gt;</msg>
<status status="PASS" starttime="20210906 16:41:46.547" endtime="20210906 16:41:46.891"/>
</kw>
<msg timestamp="20210906 16:41:46.892" level="FAIL">The element '//a[contains(text(),'Dark')]' should be visible, but it is not.</msg>
<status status="FAIL" starttime="20210906 16:41:46.528" endtime="20210906 16:41:46.892"/>
</kw>
<kw name="Element Should Be Visible" library="SeleniumLibrary">
<arg>${pageButton_modeHighContrast}</arg>
<doc>Verifies that the element identified by ``locator`` is visible.</doc>
<status status="NOT RUN" starttime="20210906 16:41:46.892" endtime="20210906 16:41:46.892"/>
</kw>
<status status="FAIL" starttime="20210906 16:41:45.476" endtime="20210906 16:41:46.893"/>
</kw>
<kw name="Click &amp; Verify More Actions - Colors" library="scenarioGeneric">
<doc>This will click &amp; verify More Actions - Colors</doc>
<status status="NOT RUN" starttime="20210906 16:41:46.893" endtime="20210906 16:41:46.893"/>
</kw>
<kw name="Verify and Update Modes &amp; Colors - New" library="scenarioGeneric">
<doc>This will verify &amp; update Modes &amp; Colors - New</doc>
<status status="NOT RUN" starttime="20210906 16:41:46.893" endtime="20210906 16:41:46.893"/>
</kw>
<kw name="Verify Table in Compact Mode" library="scenarioDatagridBatch2">
<doc>This will verify all tables &amp; will check if compact mode is working</doc>
<status status="NOT RUN" starttime="20210906 16:41:46.893" endtime="20210906 16:41:46.893"/>
</kw>
<kw name="Verify and Update Modes &amp; Colors - Classic" library="scenarioGeneric">
<doc>This will verify &amp; update Modes &amp; Colors - Classic</doc>
<status status="NOT RUN" starttime="20210906 16:41:46.893" endtime="20210906 16:41:46.893"/>
</kw>
<doc>This will verify more actions (versions, modes, &amp; colors) and if compact mode sizes are changing</doc>
<status status="FAIL" starttime="20210906 16:41:40.574" endtime="20210906 16:41:46.894">The element '//a[contains(text(),'Dark')]' should be visible, but it is not.</status>
</test>
<test id="s1-t5" name="Ending Script Execution">
<kw name="Closing Browser" library="scenarioGeneric">
<doc>This will close the browser opened</doc>
<kw name="Sleep" library="BuiltIn">
<arg>2</arg>
<doc>Pauses the test executed for the given time.</doc>
<msg timestamp="20210906 16:41:48.896" level="INFO">Slept 2 seconds</msg>
<status status="PASS" starttime="20210906 16:41:46.895" endtime="20210906 16:41:48.896"/>
</kw>
<kw name="Close Browser" library="SeleniumLibrary">
<doc>Closes the current browser.</doc>
<status status="PASS" starttime="20210906 16:41:48.897" endtime="20210906 16:41:49.020"/>
</kw>
<status status="PASS" starttime="20210906 16:41:46.894" endtime="20210906 16:41:49.021"/>
</kw>
<doc>This will close the browser and end the script execution</doc>
<status status="PASS" starttime="20210906 16:41:46.894" endtime="20210906 16:41:49.021"/>
</test>
<test id="s1-t6" name="Load Datagrid Component">
<kw name="Load Datagrid Component" library="scenarioDatagridBatch2">
<doc>This will open a browser &amp; Datagrid Component</doc>
<kw name="Open Browser" library="SeleniumLibrary">
<arg>${test_datagridURL}</arg>
<arg>${browser_C}</arg>
<doc>Opens a new browser instance to the optional ``url``.</doc>
<msg timestamp="20210906 16:41:49.023" level="INFO">Opening browser 'Chrome' to base url 'https://main-enterprise.demo.design.infor.com/components/datagrid/list'.</msg>
<status status="PASS" starttime="20210906 16:41:49.022" endtime="20210906 16:41:53.633"/>
</kw>
<kw name="Maximize Browser Window" library="SeleniumLibrary">
<doc>Maximizes current browser window.</doc>
<status status="PASS" starttime="20210906 16:41:53.634" endtime="20210906 16:41:53.826"/>
</kw>
<kw name="Wait Until Location Contains" library="SeleniumLibrary">
<arg>${test_datagrid_URL}</arg>
<doc>Waits until the current URL contains ``expected``.</doc>
<status status="PASS" starttime="20210906 16:41:53.826" endtime="20210906 16:41:53.830"/>
</kw>
<kw name="Wait Until Page Contains Element" library="SeleniumLibrary">
<arg>${pageDatagrid_verifyHeader}</arg>
<arg>timeout=60</arg>
<doc>Waits until the element ``locator`` appears on the current page.</doc>
<msg timestamp="20210906 16:41:53.835" level="FAIL">Variable '${pageDatagrid_verifyHeader}' not found.</msg>
<status status="FAIL" starttime="20210906 16:41:53.830" endtime="20210906 16:41:53.835"/>
</kw>
<status status="FAIL" starttime="20210906 16:41:49.022" endtime="20210906 16:41:53.835"/>
</kw>
<doc>This will load datagrid component</doc>
<status status="FAIL" starttime="20210906 16:41:49.021" endtime="20210906 16:41:53.836">Variable '${pageDatagrid_verifyHeader}' not found.</status>
</test>
<test id="s1-t7" name="Click Example Custom Filter Conditions, Verify More Actions &amp; Table and its filters">
<kw name="Click Example Custom Filter Conditions" library="scenarioDatagridBatch2">
<doc>This will open and verify Example Custom Filter Conditions</doc>
<kw name="Click Element" library="SeleniumLibrary">
<arg>${pageDatagrid_exampleCustomFilterConditionsTitle}</arg>
<doc>Click the element identified by ``locator``.</doc>
<msg timestamp="20210906 16:41:53.838" level="INFO">Clicking element '//span[contains(text(),'example custom filter conditions')]'.</msg>
<status status="PASS" starttime="20210906 16:41:53.838" endtime="20210906 16:41:55.205"/>
</kw>
<kw name="Sleep" library="BuiltIn">
<arg>1</arg>
<doc>Pauses the test executed for the given time.</doc>
<msg timestamp="20210906 16:41:56.208" level="INFO">Slept 1 second</msg>
<status status="PASS" starttime="20210906 16:41:55.205" endtime="20210906 16:41:56.208"/>
</kw>
<kw name="Wait Until Location Contains" library="SeleniumLibrary">
<arg>${datagrid_customFilterConditionsURL}</arg>
<doc>Waits until the current URL contains ``expected``.</doc>
<status status="PASS" starttime="20210906 16:41:56.208" endtime="20210906 16:41:56.213"/>
</kw>
<status status="PASS" starttime="20210906 16:41:53.837" endtime="20210906 16:41:56.213"/>
</kw>
<kw name="Verify More Actions" library="scenarioGeneric">
<doc>This will verify More Actions</doc>
<kw name="Click Element" library="SeleniumLibrary">
<arg>${pageButton_moreActions}</arg>
<doc>Click the element identified by ``locator``.</doc>
<msg timestamp="20210906 16:41:56.214" level="INFO">Clicking element '//button[@id='header-more-actions']'.</msg>
<status status="PASS" starttime="20210906 16:41:56.214" endtime="20210906 16:41:56.268"/>
</kw>
<kw name="Sleep" library="BuiltIn">
<arg>1</arg>
<doc>Pauses the test executed for the given time.</doc>
<msg timestamp="20210906 16:41:57.269" level="INFO">Slept 1 second</msg>
<status status="PASS" starttime="20210906 16:41:56.268" endtime="20210906 16:41:57.269"/>
</kw>
<kw name="Element Should Be Visible" library="SeleniumLibrary">
<arg>${pageButton_versions}</arg>
<doc>Verifies that the element identified by ``locator`` is visible.</doc>
<msg timestamp="20210906 16:41:57.291" level="INFO">Element '//span[contains(text(),'Versions')]' is displayed.</msg>
<status status="PASS" starttime="20210906 16:41:57.270" endtime="20210906 16:41:57.292"/>
</kw>
<kw name="Element Should Be Visible" library="SeleniumLibrary">
<arg>${pageButton_modes}</arg>
<doc>Verifies that the element identified by ``locator`` is visible.</doc>
<msg timestamp="20210906 16:41:57.311" level="INFO">Element '//span[contains(text(),'Modes')]' is displayed.</msg>
<status status="PASS" starttime="20210906 16:41:57.292" endtime="20210906 16:41:57.311"/>
</kw>
<kw name="Element Should Be Visible" library="SeleniumLibrary">
<arg>${pageButton_colors}</arg>
<doc>Verifies that the element identified by ``locator`` is visible.</doc>
<msg timestamp="20210906 16:41:57.325" level="INFO">Element '//span[contains(text(),'Colors')]' is displayed.</msg>
<status status="PASS" starttime="20210906 16:41:57.311" endtime="20210906 16:41:57.326"/>
</kw>
<status status="PASS" starttime="20210906 16:41:56.214" endtime="20210906 16:41:57.326"/>
</kw>
<kw name="Click &amp; Verify More Actions - Versions" library="scenarioGeneric">
<doc>This will click &amp; verify More Actions - Versions</doc>
<kw name="Click Element" library="SeleniumLibrary">
<arg>${pageButton_versions}</arg>
<doc>Click the element identified by ``locator``.</doc>
<msg timestamp="20210906 16:41:57.327" level="INFO">Clicking element '//span[contains(text(),'Versions')]'.</msg>
<status status="PASS" starttime="20210906 16:41:57.326" endtime="20210906 16:41:57.352"/>
</kw>
<kw name="Sleep" library="BuiltIn">
<arg>1</arg>
<doc>Pauses the test executed for the given time.</doc>
<msg timestamp="20210906 16:41:58.352" level="INFO">Slept 1 second</msg>
<status status="PASS" starttime="20210906 16:41:57.352" endtime="20210906 16:41:58.353"/>
</kw>
<kw name="Element Should Be Visible" library="SeleniumLibrary">
<arg>${pageButton_versionNew}</arg>
<doc>Verifies that the element identified by ``locator`` is visible.</doc>
<msg timestamp="20210906 16:41:58.371" level="INFO">Element '//a[contains(text(),'New')]' is displayed.</msg>
<status status="PASS" starttime="20210906 16:41:58.353" endtime="20210906 16:41:58.371"/>
</kw>
<kw name="Element Should Be Visible" library="SeleniumLibrary">
<arg>${pageButton_versionClassic}</arg>
<doc>Verifies that the element identified by ``locator`` is visible.</doc>
<msg timestamp="20210906 16:41:58.387" level="INFO">Element '//a[contains(text(),'Classic')]' is displayed.</msg>
<status status="PASS" starttime="20210906 16:41:58.371" endtime="20210906 16:41:58.387"/>
</kw>
<status status="PASS" starttime="20210906 16:41:57.326" endtime="20210906 16:41:58.387"/>
</kw>
<kw name="Click &amp; Verify More Actions - Modes" library="scenarioGeneric">
<doc>This will click &amp; verify More Actions - Modes</doc>
<kw name="Click Element" library="SeleniumLibrary">
<arg>${pageButton_modes}</arg>
<doc>Click the element identified by ``locator``.</doc>
<msg timestamp="20210906 16:41:58.388" level="INFO">Clicking element '//span[contains(text(),'Modes')]'.</msg>
<status status="PASS" starttime="20210906 16:41:58.388" endtime="20210906 16:41:58.415"/>
</kw>
<kw name="Sleep" library="BuiltIn">
<arg>1</arg>
<doc>Pauses the test executed for the given time.</doc>
<msg timestamp="20210906 16:41:59.416" level="INFO">Slept 1 second</msg>
<status status="PASS" starttime="20210906 16:41:58.415" endtime="20210906 16:41:59.416"/>
</kw>
<kw name="Element Should Be Visible" library="SeleniumLibrary">
<arg>${pageButton_modeLight}</arg>
<doc>Verifies that the element identified by ``locator`` is visible.</doc>
<kw name="Capture Page Screenshot" library="SeleniumLibrary">
<doc>Takes a screenshot of the current page and embeds it into a log file.</doc>
<msg timestamp="20210906 16:41:59.769" level="INFO" html="true">&lt;/td&gt;&lt;/tr&gt;&lt;tr&gt;&lt;td colspan="3"&gt;&lt;a href="selenium-screenshot-2.png"&gt;&lt;img src="selenium-screenshot-2.png" width="800px"&gt;&lt;/a&gt;</msg>
<status status="PASS" starttime="20210906 16:41:59.435" endtime="20210906 16:41:59.769"/>
</kw>
<msg timestamp="20210906 16:41:59.769" level="FAIL">The element '//a[contains(text(),'Light')]' should be visible, but it is not.</msg>
<status status="FAIL" starttime="20210906 16:41:59.417" endtime="20210906 16:41:59.769"/>
</kw>
<kw name="Element Should Be Visible" library="SeleniumLibrary">
<arg>${pageButton_modeDark}</arg>
<doc>Verifies that the element identified by ``locator`` is visible.</doc>
<status status="NOT RUN" starttime="20210906 16:41:59.769" endtime="20210906 16:41:59.770"/>
</kw>
<kw name="Element Should Be Visible" library="SeleniumLibrary">
<arg>${pageButton_modeHighContrast}</arg>
<doc>Verifies that the element identified by ``locator`` is visible.</doc>
<status status="NOT RUN" starttime="20210906 16:41:59.770" endtime="20210906 16:41:59.770"/>
</kw>
<status status="FAIL" starttime="20210906 16:41:58.387" endtime="20210906 16:41:59.770"/>
</kw>
<kw name="Click &amp; Verify More Actions - Colors" library="scenarioGeneric">
<doc>This will click &amp; verify More Actions - Colors</doc>
<status status="NOT RUN" starttime="20210906 16:41:59.770" endtime="20210906 16:41:59.770"/>
</kw>
<kw name="Verify and Update Modes &amp; Colors - New" library="scenarioGeneric">
<doc>This will verify &amp; update Modes &amp; Colors - New</doc>
<status status="NOT RUN" starttime="20210906 16:41:59.770" endtime="20210906 16:41:59.771"/>
</kw>
<kw name="Verify Table in Custom Filter Conditions" library="scenarioDatagridBatch2">
<doc>This will verify all tables &amp; will check if custom filter is working</doc>
<status status="NOT RUN" starttime="20210906 16:41:59.771" endtime="20210906 16:41:59.771"/>
</kw>
<kw name="Verify and Update Modes &amp; Colors - Classic" library="scenarioGeneric">
<doc>This will verify &amp; update Modes &amp; Colors - Classic</doc>
<status status="NOT RUN" starttime="20210906 16:41:59.771" endtime="20210906 16:41:59.771"/>
</kw>
<doc>This will verify more actions (versions, modes, &amp; colors) and if the tables and its filters are working properly</doc>
<status status="FAIL" starttime="20210906 16:41:53.837" endtime="20210906 16:41:59.771">The element '//a[contains(text(),'Light')]' should be visible, but it is not.</status>
</test>
<test id="s1-t8" name="Ending Script Execution">
<kw name="Closing Browser" library="scenarioGeneric">
<doc>This will close the browser opened</doc>
<kw name="Sleep" library="BuiltIn">
<arg>2</arg>
<doc>Pauses the test executed for the given time.</doc>
<msg timestamp="20210906 16:42:01.773" level="INFO">Slept 2 seconds</msg>
<status status="PASS" starttime="20210906 16:41:59.772" endtime="20210906 16:42:01.773"/>
</kw>
<kw name="Close Browser" library="SeleniumLibrary">
<doc>Closes the current browser.</doc>
<status status="PASS" starttime="20210906 16:42:01.774" endtime="20210906 16:42:01.870"/>
</kw>
<status status="PASS" starttime="20210906 16:41:59.772" endtime="20210906 16:42:01.870"/>
</kw>
<doc>This will close the browser and end the script execution</doc>
<status status="PASS" starttime="20210906 16:41:59.771" endtime="20210906 16:42:01.871"/>
</test>
<test id="s1-t9" name="Load Datagrid Component">
<kw name="Load Datagrid Component" library="scenarioDatagridBatch2">
<doc>This will open a browser &amp; Datagrid Component</doc>
<kw name="Open Browser" library="SeleniumLibrary">
<arg>${test_datagridURL}</arg>
<arg>${browser_C}</arg>
<doc>Opens a new browser instance to the optional ``url``.</doc>
<msg timestamp="20210906 16:42:01.873" level="INFO">Opening browser 'Chrome' to base url 'https://main-enterprise.demo.design.infor.com/components/datagrid/list'.</msg>
<status status="PASS" starttime="20210906 16:42:01.872" endtime="20210906 16:42:06.498"/>
</kw>
<kw name="Maximize Browser Window" library="SeleniumLibrary">
<doc>Maximizes current browser window.</doc>
<status status="PASS" starttime="20210906 16:42:06.498" endtime="20210906 16:42:06.690"/>
</kw>
<kw name="Wait Until Location Contains" library="SeleniumLibrary">
<arg>${test_datagrid_URL}</arg>
<doc>Waits until the current URL contains ``expected``.</doc>
<status status="PASS" starttime="20210906 16:42:06.690" endtime="20210906 16:42:06.695"/>
</kw>
<kw name="Wait Until Page Contains Element" library="SeleniumLibrary">
<arg>${pageDatagrid_verifyHeader}</arg>
<arg>timeout=60</arg>
<doc>Waits until the element ``locator`` appears on the current page.</doc>
<msg timestamp="20210906 16:42:06.699" level="FAIL">Variable '${pageDatagrid_verifyHeader}' not found.</msg>
<status status="FAIL" starttime="20210906 16:42:06.695" endtime="20210906 16:42:06.699"/>
</kw>
<status status="FAIL" starttime="20210906 16:42:01.872" endtime="20210906 16:42:06.700"/>
</kw>
<doc>This will load datagrid component</doc>
<status status="FAIL" starttime="20210906 16:42:01.871" endtime="20210906 16:42:06.700">Variable '${pageDatagrid_verifyHeader}' not found.</status>
</test>
<test id="s1-t10" name="Click Example Custom Toolbar Flex, Verify More Actions &amp; Table and its toolbar">
<kw name="Click Example Custom Toolbar Flex" library="scenarioDatagridBatch2">
<doc>This will open and verify Example Custom Toolbar Flex</doc>
<kw name="Click Element" library="SeleniumLibrary">
<arg>${pageDatagrid_exampleCustomToolbarFlexTitle}</arg>
<doc>Click the element identified by ``locator``.</doc>
<msg timestamp="20210906 16:42:06.702" level="INFO">Clicking element '//span[contains(text(),'example custom toolbar flex')]'.</msg>
<status status="PASS" starttime="20210906 16:42:06.702" endtime="20210906 16:42:08.057"/>
</kw>
<kw name="Sleep" library="BuiltIn">
<arg>1</arg>
<doc>Pauses the test executed for the given time.</doc>
<msg timestamp="20210906 16:42:09.058" level="INFO">Slept 1 second</msg>
<status status="PASS" starttime="20210906 16:42:08.057" endtime="20210906 16:42:09.058"/>
</kw>
<kw name="Wait Until Location Contains" library="SeleniumLibrary">
<arg>${datagrid_customToolbarFlexURL}</arg>
<doc>Waits until the current URL contains ``expected``.</doc>
<status status="PASS" starttime="20210906 16:42:09.058" endtime="20210906 16:42:09.062"/>
</kw>
<status status="PASS" starttime="20210906 16:42:06.701" endtime="20210906 16:42:09.062"/>
</kw>
<kw name="Verify More Actions" library="scenarioGeneric">
<doc>This will verify More Actions</doc>
<kw name="Click Element" library="SeleniumLibrary">
<arg>${pageButton_moreActions}</arg>
<doc>Click the element identified by ``locator``.</doc>
<msg timestamp="20210906 16:42:09.063" level="INFO">Clicking element '//button[@id='header-more-actions']'.</msg>
<status status="PASS" starttime="20210906 16:42:09.062" endtime="20210906 16:42:09.117"/>
</kw>
<kw name="Sleep" library="BuiltIn">
<arg>1</arg>
<doc>Pauses the test executed for the given time.</doc>
<msg timestamp="20210906 16:42:10.117" level="INFO">Slept 1 second</msg>
<status status="PASS" starttime="20210906 16:42:09.117" endtime="20210906 16:42:10.118"/>
</kw>
<kw name="Element Should Be Visible" library="SeleniumLibrary">
<arg>${pageButton_versions}</arg>
<doc>Verifies that the element identified by ``locator`` is visible.</doc>
<msg timestamp="20210906 16:42:10.139" level="INFO">Element '//span[contains(text(),'Versions')]' is displayed.</msg>
<status status="PASS" starttime="20210906 16:42:10.118" endtime="20210906 16:42:10.139"/>
</kw>
<kw name="Element Should Be Visible" library="SeleniumLibrary">
<arg>${pageButton_modes}</arg>
<doc>Verifies that the element identified by ``locator`` is visible.</doc>
<msg timestamp="20210906 16:42:10.158" level="INFO">Element '//span[contains(text(),'Modes')]' is displayed.</msg>
<status status="PASS" starttime="20210906 16:42:10.139" endtime="20210906 16:42:10.158"/>
</kw>
<kw name="Element Should Be Visible" library="SeleniumLibrary">
<arg>${pageButton_colors}</arg>
<doc>Verifies that the element identified by ``locator`` is visible.</doc>
<msg timestamp="20210906 16:42:10.172" level="INFO">Element '//span[contains(text(),'Colors')]' is displayed.</msg>
<status status="PASS" starttime="20210906 16:42:10.158" endtime="20210906 16:42:10.173"/>
</kw>
<status status="PASS" starttime="20210906 16:42:09.062" endtime="20210906 16:42:10.173"/>
</kw>
<kw name="Click &amp; Verify More Actions - Versions" library="scenarioGeneric">
<doc>This will click &amp; verify More Actions - Versions</doc>
<kw name="Click Element" library="SeleniumLibrary">
<arg>${pageButton_versions}</arg>
<doc>Click the element identified by ``locator``.</doc>
<msg timestamp="20210906 16:42:10.174" level="INFO">Clicking element '//span[contains(text(),'Versions')]'.</msg>
<status status="PASS" starttime="20210906 16:42:10.173" endtime="20210906 16:42:10.199"/>
</kw>
<kw name="Sleep" library="BuiltIn">
<arg>1</arg>
<doc>Pauses the test executed for the given time.</doc>
<msg timestamp="20210906 16:42:11.200" level="INFO">Slept 1 second</msg>
<status status="PASS" starttime="20210906 16:42:10.199" endtime="20210906 16:42:11.201"/>
</kw>
<kw name="Element Should Be Visible" library="SeleniumLibrary">
<arg>${pageButton_versionNew}</arg>
<doc>Verifies that the element identified by ``locator`` is visible.</doc>
<kw name="Capture Page Screenshot" library="SeleniumLibrary">
<doc>Takes a screenshot of the current page and embeds it into a log file.</doc>
<msg timestamp="20210906 16:42:11.561" level="INFO" html="true">&lt;/td&gt;&lt;/tr&gt;&lt;tr&gt;&lt;td colspan="3"&gt;&lt;a href="selenium-screenshot-3.png"&gt;&lt;img src="selenium-screenshot-3.png" width="800px"&gt;&lt;/a&gt;</msg>
<status status="PASS" starttime="20210906 16:42:11.220" endtime="20210906 16:42:11.561"/>
</kw>
<msg timestamp="20210906 16:42:11.561" level="FAIL">The element '//a[contains(text(),'New')]' should be visible, but it is not.</msg>
<status status="FAIL" starttime="20210906 16:42:11.201" endtime="20210906 16:42:11.561"/>
</kw>
<kw name="Element Should Be Visible" library="SeleniumLibrary">
<arg>${pageButton_versionClassic}</arg>
<doc>Verifies that the element identified by ``locator`` is visible.</doc>
<status status="NOT RUN" starttime="20210906 16:42:11.562" endtime="20210906 16:42:11.562"/>
</kw>
<status status="FAIL" starttime="20210906 16:42:10.173" endtime="20210906 16:42:11.562"/>
</kw>
<kw name="Click &amp; Verify More Actions - Modes" library="scenarioGeneric">
<doc>This will click &amp; verify More Actions - Modes</doc>
<status status="NOT RUN" starttime="20210906 16:42:11.562" endtime="20210906 16:42:11.562"/>
</kw>
<kw name="Click &amp; Verify More Actions - Colors" library="scenarioGeneric">
<doc>This will click &amp; verify More Actions - Colors</doc>
<status status="NOT RUN" starttime="20210906 16:42:11.562" endtime="20210906 16:42:11.562"/>
</kw>
<kw name="Verify and Update Modes &amp; Colors - New" library="scenarioGeneric">
<doc>This will verify &amp; update Modes &amp; Colors - New</doc>
<status status="NOT RUN" starttime="20210906 16:42:11.563" endtime="20210906 16:42:11.563"/>
</kw>
<kw name="Verify Table in Custom Toolbar Flex" library="scenarioDatagridBatch2">
<doc>This will verify all tables &amp; will check if toolbar is working</doc>
<status status="NOT RUN" starttime="20210906 16:42:11.563" endtime="20210906 16:42:11.563"/>
</kw>
<kw name="Verify and Update Modes &amp; Colors - Classic" library="scenarioGeneric">
<doc>This will verify &amp; update Modes &amp; Colors - Classic</doc>
<status status="NOT RUN" starttime="20210906 16:42:11.563" endtime="20210906 16:42:11.563"/>
</kw>
<doc>This will verify more actions (versions, modes, &amp; colors) and if the tables and its toolbar flex is rendered correctly</doc>
<status status="FAIL" starttime="20210906 16:42:06.701" endtime="20210906 16:42:11.563">The element '//a[contains(text(),'New')]' should be visible, but it is not.</status>
</test>
<test id="s1-t11" name="Ending Script Execution">
<kw name="Closing Browser" library="scenarioGeneric">
<doc>This will close the browser opened</doc>
<kw name="Sleep" library="BuiltIn">
<arg>2</arg>
<doc>Pauses the test executed for the given time.</doc>
<msg timestamp="20210906 16:42:13.565" level="INFO">Slept 2 seconds</msg>
<status status="PASS" starttime="20210906 16:42:11.564" endtime="20210906 16:42:13.565"/>
</kw>
<kw name="Close Browser" library="SeleniumLibrary">
<doc>Closes the current browser.</doc>
<status status="PASS" starttime="20210906 16:42:13.566" endtime="20210906 16:42:13.662"/>
</kw>
<status status="PASS" starttime="20210906 16:42:11.564" endtime="20210906 16:42:13.663"/>
</kw>
<doc>This will close the browser and end the script execution</doc>
<status status="PASS" starttime="20210906 16:42:11.564" endtime="20210906 16:42:13.663"/>
</test>
<test id="s1-t12" name="Load Datagrid Component">
<kw name="Load Datagrid Component" library="scenarioDatagridBatch2">
<doc>This will open a browser &amp; Datagrid Component</doc>
<kw name="Open Browser" library="SeleniumLibrary">
<arg>${test_datagridURL}</arg>
<arg>${browser_C}</arg>
<doc>Opens a new browser instance to the optional ``url``.</doc>
<msg timestamp="20210906 16:42:13.665" level="INFO">Opening browser 'Chrome' to base url 'https://main-enterprise.demo.design.infor.com/components/datagrid/list'.</msg>
<status status="PASS" starttime="20210906 16:42:13.664" endtime="20210906 16:42:18.270"/>
</kw>
<kw name="Maximize Browser Window" library="SeleniumLibrary">
<doc>Maximizes current browser window.</doc>
<status status="PASS" starttime="20210906 16:42:18.270" endtime="20210906 16:42:18.464"/>
</kw>
<kw name="Wait Until Location Contains" library="SeleniumLibrary">
<arg>${test_datagrid_URL}</arg>
<doc>Waits until the current URL contains ``expected``.</doc>
<status status="PASS" starttime="20210906 16:42:18.464" endtime="20210906 16:42:18.467"/>
</kw>
<kw name="Wait Until Page Contains Element" library="SeleniumLibrary">
<arg>${pageDatagrid_verifyHeader}</arg>
<arg>timeout=60</arg>
<doc>Waits until the element ``locator`` appears on the current page.</doc>
<msg timestamp="20210906 16:42:18.471" level="FAIL">Variable '${pageDatagrid_verifyHeader}' not found.</msg>
<status status="FAIL" starttime="20210906 16:42:18.467" endtime="20210906 16:42:18.471"/>
</kw>
<status status="FAIL" starttime="20210906 16:42:13.664" endtime="20210906 16:42:18.472"/>
</kw>
<doc>This will load datagrid component</doc>
<status status="FAIL" starttime="20210906 16:42:13.663" endtime="20210906 16:42:18.472">Variable '${pageDatagrid_verifyHeader}' not found.</status>
</test>
<test id="s1-t13" name="Click Example Custom Toolbar, Verify More Actions, Toast &amp; Table and its toolbar">
<kw name="Click Example Custom Toolbar" library="scenarioDatagridBatch2">
<doc>This will open and verify Example Custom Toolbar</doc>
<kw name="Click Element" library="SeleniumLibrary">
<arg>${pageDatagrid_exampleCustomToolbarTitle}</arg>
<doc>Click the element identified by ``locator``.</doc>
<msg timestamp="20210906 16:42:18.474" level="INFO">Clicking element '//a[@href='./example-custom-toolbar.html']//span[contains(text(),'example custom toolbar')]'.</msg>
<status status="PASS" starttime="20210906 16:42:18.474" endtime="20210906 16:42:19.785"/>
</kw>
<kw name="Sleep" library="BuiltIn">
<arg>1</arg>
<doc>Pauses the test executed for the given time.</doc>
<msg timestamp="20210906 16:42:20.787" level="INFO">Slept 1 second</msg>
<status status="PASS" starttime="20210906 16:42:19.785" endtime="20210906 16:42:20.787"/>
</kw>
<kw name="Wait Until Location Contains" library="SeleniumLibrary">
<arg>${datagrid_customToolbarURL}</arg>
<doc>Waits until the current URL contains ``expected``.</doc>
<status status="PASS" starttime="20210906 16:42:20.787" endtime="20210906 16:42:20.792"/>
</kw>
<status status="PASS" starttime="20210906 16:42:18.474" endtime="20210906 16:42:20.792"/>
</kw>
<kw name="Verify More Actions" library="scenarioGeneric">
<doc>This will verify More Actions</doc>
<kw name="Click Element" library="SeleniumLibrary">
<arg>${pageButton_moreActions}</arg>
<doc>Click the element identified by ``locator``.</doc>
<msg timestamp="20210906 16:42:20.793" level="INFO">Clicking element '//button[@id='header-more-actions']'.</msg>
<status status="PASS" starttime="20210906 16:42:20.793" endtime="20210906 16:42:20.844"/>
</kw>
<kw name="Sleep" library="BuiltIn">
<arg>1</arg>
<doc>Pauses the test executed for the given time.</doc>
<msg timestamp="20210906 16:42:21.845" level="INFO">Slept 1 second</msg>
<status status="PASS" starttime="20210906 16:42:20.844" endtime="20210906 16:42:21.845"/>
</kw>
<kw name="Element Should Be Visible" library="SeleniumLibrary">
<arg>${pageButton_versions}</arg>
<doc>Verifies that the element identified by ``locator`` is visible.</doc>
<msg timestamp="20210906 16:42:21.865" level="INFO">Element '//span[contains(text(),'Versions')]' is displayed.</msg>
<status status="PASS" starttime="20210906 16:42:21.845" endtime="20210906 16:42:21.865"/>
</kw>
<kw name="Element Should Be Visible" library="SeleniumLibrary">
<arg>${pageButton_modes}</arg>
<doc>Verifies that the element identified by ``locator`` is visible.</doc>
<msg timestamp="20210906 16:42:21.885" level="INFO">Element '//span[contains(text(),'Modes')]' is displayed.</msg>
<status status="PASS" starttime="20210906 16:42:21.866" endtime="20210906 16:42:21.885"/>
</kw>
<kw name="Element Should Be Visible" library="SeleniumLibrary">
<arg>${pageButton_colors}</arg>
<doc>Verifies that the element identified by ``locator`` is visible.</doc>
<msg timestamp="20210906 16:42:21.899" level="INFO">Element '//span[contains(text(),'Colors')]' is displayed.</msg>
<status status="PASS" starttime="20210906 16:42:21.885" endtime="20210906 16:42:21.900"/>
</kw>
<status status="PASS" starttime="20210906 16:42:20.793" endtime="20210906 16:42:21.900"/>
</kw>
<kw name="Click &amp; Verify More Actions - Versions" library="scenarioGeneric">
<doc>This will click &amp; verify More Actions - Versions</doc>
<kw name="Click Element" library="SeleniumLibrary">
<arg>${pageButton_versions}</arg>
<doc>Click the element identified by ``locator``.</doc>
<msg timestamp="20210906 16:42:21.901" level="INFO">Clicking element '//span[contains(text(),'Versions')]'.</msg>
<status status="PASS" starttime="20210906 16:42:21.900" endtime="20210906 16:42:21.926"/>
</kw>
<kw name="Sleep" library="BuiltIn">
<arg>1</arg>
<doc>Pauses the test executed for the given time.</doc>
<msg timestamp="20210906 16:42:22.928" level="INFO">Slept 1 second</msg>
<status status="PASS" starttime="20210906 16:42:21.927" endtime="20210906 16:42:22.928"/>
</kw>
<kw name="Element Should Be Visible" library="SeleniumLibrary">
<arg>${pageButton_versionNew}</arg>
<doc>Verifies that the element identified by ``locator`` is visible.</doc>
<msg timestamp="20210906 16:42:22.948" level="INFO">Element '//a[contains(text(),'New')]' is displayed.</msg>
<status status="PASS" starttime="20210906 16:42:22.929" endtime="20210906 16:42:22.948"/>
</kw>
<kw name="Element Should Be Visible" library="SeleniumLibrary">
<arg>${pageButton_versionClassic}</arg>
<doc>Verifies that the element identified by ``locator`` is visible.</doc>
<msg timestamp="20210906 16:42:22.964" level="INFO">Element '//a[contains(text(),'Classic')]' is displayed.</msg>
<status status="PASS" starttime="20210906 16:42:22.948" endtime="20210906 16:42:22.964"/>
</kw>
<status status="PASS" starttime="20210906 16:42:21.900" endtime="20210906 16:42:22.964"/>
</kw>
<kw name="Click &amp; Verify More Actions - Modes" library="scenarioGeneric">
<doc>This will click &amp; verify More Actions - Modes</doc>
<kw name="Click Element" library="SeleniumLibrary">
<arg>${pageButton_modes}</arg>
<doc>Click the element identified by ``locator``.</doc>
<msg timestamp="20210906 16:42:22.965" level="INFO">Clicking element '//span[contains(text(),'Modes')]'.</msg>
<status status="PASS" starttime="20210906 16:42:22.965" endtime="20210906 16:42:22.993"/>
</kw>
<kw name="Sleep" library="BuiltIn">
<arg>1</arg>
<doc>Pauses the test executed for the given time.</doc>
<msg timestamp="20210906 16:42:23.994" level="INFO">Slept 1 second</msg>
<status status="PASS" starttime="20210906 16:42:22.993" endtime="20210906 16:42:23.995"/>
</kw>
<kw name="Element Should Be Visible" library="SeleniumLibrary">
<arg>${pageButton_modeLight}</arg>
<doc>Verifies that the element identified by ``locator`` is visible.</doc>
<msg timestamp="20210906 16:42:24.013" level="INFO">Element '//a[contains(text(),'Light')]' is displayed.</msg>
<status status="PASS" starttime="20210906 16:42:23.995" endtime="20210906 16:42:24.013"/>
</kw>
<kw name="Element Should Be Visible" library="SeleniumLibrary">
<arg>${pageButton_modeDark}</arg>
<doc>Verifies that the element identified by ``locator`` is visible.</doc>
<msg timestamp="20210906 16:42:24.030" level="INFO">Element '//a[contains(text(),'Dark')]' is displayed.</msg>
<status status="PASS" starttime="20210906 16:42:24.014" endtime="20210906 16:42:24.030"/>
</kw>
<kw name="Element Should Be Visible" library="SeleniumLibrary">
<arg>${pageButton_modeHighContrast}</arg>
<doc>Verifies that the element identified by ``locator`` is visible.</doc>
<msg timestamp="20210906 16:42:24.045" level="INFO">Element '//a[contains(text(),'High Contrast')]' is displayed.</msg>
<status status="PASS" starttime="20210906 16:42:24.030" endtime="20210906 16:42:24.045"/>
</kw>
<status status="PASS" starttime="20210906 16:42:22.964" endtime="20210906 16:42:24.046"/>
</kw>
<kw name="Click &amp; Verify More Actions - Colors" library="scenarioGeneric">
<doc>This will click &amp; verify More Actions - Colors</doc>
<kw name="Click Element" library="SeleniumLibrary">
<arg>${pageButton_colors}</arg>
<doc>Click the element identified by ``locator``.</doc>
<msg timestamp="20210906 16:42:24.046" level="INFO">Clicking element '//span[contains(text(),'Colors')]'.</msg>
<status status="PASS" starttime="20210906 16:42:24.046" endtime="20210906 16:42:24.073"/>
</kw>
<kw name="Sleep" library="BuiltIn">
<arg>3</arg>
<doc>Pauses the test executed for the given time.</doc>
<msg timestamp="20210906 16:42:27.074" level="INFO">Slept 3 seconds</msg>
<status status="PASS" starttime="20210906 16:42:24.073" endtime="20210906 16:42:27.074"/>
</kw>
<kw name="Element Should Be Visible" library="SeleniumLibrary">
<arg>${pageButton_colorDefault}</arg>
<doc>Verifies that the element identified by ``locator`` is visible.</doc>
<msg timestamp="20210906 16:42:27.093" level="INFO">Element '//a[contains(text(),'Default')]' is displayed.</msg>
<status status="PASS" starttime="20210906 16:42:27.075" endtime="20210906 16:42:27.093"/>
</kw>
<kw name="Element Should Be Visible" library="SeleniumLibrary">
<arg>${pageButton_colorAmber}</arg>
<doc>Verifies that the element identified by ``locator`` is visible.</doc>
<msg timestamp="20210906 16:42:27.108" level="INFO">Element '//a[contains(text(),'Amber')]' is displayed.</msg>
<status status="PASS" starttime="20210906 16:42:27.093" endtime="20210906 16:42:27.108"/>
</kw>
<kw name="Element Should Be Visible" library="SeleniumLibrary">
<arg>${pageButton_colorAmethyst}</arg>
<doc>Verifies that the element identified by ``locator`` is visible.</doc>
<msg timestamp="20210906 16:42:27.123" level="INFO">Element '//a[contains(text(),'Amethyst')]' is displayed.</msg>
<status status="PASS" starttime="20210906 16:42:27.108" endtime="20210906 16:42:27.123"/>
</kw>
<kw name="Element Should Be Visible" library="SeleniumLibrary">
<arg>${pageButton_colorAzure}</arg>
<doc>Verifies that the element identified by ``locator`` is visible.</doc>
<msg timestamp="20210906 16:42:27.137" level="INFO">Element '//a[contains(text(),'Azure')]' is displayed.</msg>
<status status="PASS" starttime="20210906 16:42:27.123" endtime="20210906 16:42:27.137"/>
</kw>
<kw name="Element Should Be Visible" library="SeleniumLibrary">
<arg>${pageButton_colorEmerald}</arg>
<doc>Verifies that the element identified by ``locator`` is visible.</doc>
<msg timestamp="20210906 16:42:27.151" level="INFO">Element '//a[contains(text(),'Emerald')]' is displayed.</msg>
<status status="PASS" starttime="20210906 16:42:27.137" endtime="20210906 16:42:27.151"/>
</kw>
<kw name="Element Should Be Visible" library="SeleniumLibrary">
<arg>${pageButton_colorGraphite}</arg>
<doc>Verifies that the element identified by ``locator`` is visible.</doc>
<msg timestamp="20210906 16:42:27.164" level="INFO">Element '//a[contains(text(),'Graphite')]' is displayed.</msg>
<status status="PASS" starttime="20210906 16:42:27.151" endtime="20210906 16:42:27.165"/>
</kw>
<kw name="Element Should Be Visible" library="SeleniumLibrary">
<arg>${pageButton_colorRuby}</arg>
<doc>Verifies that the element identified by ``locator`` is visible.</doc>
<msg timestamp="20210906 16:42:27.177" level="INFO">Element '//a[contains(text(),'Ruby')]' is displayed.</msg>
<status status="PASS" starttime="20210906 16:42:27.165" endtime="20210906 16:42:27.177"/>
</kw>
<kw name="Element Should Be Visible" library="SeleniumLibrary">
<arg>${pageButton_colorSlate}</arg>
<doc>Verifies that the element identified by ``locator`` is visible.</doc>
<msg timestamp="20210906 16:42:27.188" level="INFO">Element '//a[contains(text(),'Slate')]' is displayed.</msg>
<status status="PASS" starttime="20210906 16:42:27.177" endtime="20210906 16:42:27.188"/>
</kw>
<kw name="Element Should Be Visible" library="SeleniumLibrary">
<arg>${pageButton_colorTurquoise}</arg>
<doc>Verifies that the element identified by ``locator`` is visible.</doc>
<msg timestamp="20210906 16:42:27.201" level="INFO">Element '//a[contains(text(),'Turquoise')]' is displayed.</msg>
<status status="PASS" starttime="20210906 16:42:27.188" endtime="20210906 16:42:27.201"/>
</kw>
<status status="PASS" starttime="20210906 16:42:24.046" endtime="20210906 16:42:27.201"/>
</kw>
<kw name="Verify and Update Modes &amp; Colors - New" library="scenarioGeneric">
<doc>This will verify &amp; update Modes &amp; Colors - New</doc>
<kw name="Element Should Be Enabled" library="SeleniumLibrary">
<arg>${pageMode_newLight}</arg>
<doc>Verifies that element identified by ``locator`` is enabled.</doc>
<status status="PASS" starttime="20210906 16:42:27.201" endtime="20210906 16:42:27.218"/>
</kw>
<kw name="Click Element" library="SeleniumLibrary">
<arg>${pageButton_modes}</arg>
<doc>Click the element identified by ``locator``.</doc>
<msg timestamp="20210906 16:42:27.218" level="INFO">Clicking element '//span[contains(text(),'Modes')]'.</msg>
<status status="PASS" starttime="20210906 16:42:27.218" endtime="20210906 16:42:27.235"/>
</kw>
<kw name="Sleep" library="BuiltIn">
<arg>4</arg>
<doc>Pauses the test executed for the given time.</doc>
<msg timestamp="20210906 16:42:31.236" level="INFO">Slept 4 seconds</msg>
<status status="PASS" starttime="20210906 16:42:27.235" endtime="20210906 16:42:31.236"/>
</kw>
<kw name="Click Element" library="SeleniumLibrary">
<arg>${pageButton_modeDark}</arg>
<doc>Click the element identified by ``locator``.</doc>
<msg timestamp="20210906 16:42:31.237" level="INFO">Clicking element '//a[contains(text(),'Dark')]'.</msg>
<status status="PASS" starttime="20210906 16:42:31.237" endtime="20210906 16:42:31.300"/>
</kw>
<kw name="Sleep" library="BuiltIn">
<arg>3</arg>
<doc>Pauses the test executed for the given time.</doc>
<msg timestamp="20210906 16:42:34.300" level="INFO">Slept 3 seconds</msg>
<status status="PASS" starttime="20210906 16:42:31.300" endtime="20210906 16:42:34.301"/>
</kw>
<kw name="Wait Until Element Is Enabled" library="SeleniumLibrary">
<arg>${pageMode_newDark}</arg>
<doc>Waits until the element ``locator`` is enabled.</doc>
<status status="PASS" starttime="20210906 16:42:34.301" endtime="20210906 16:42:34.323"/>
</kw>
<kw name="Sleep" library="BuiltIn">
<arg>4</arg>
<doc>Pauses the test executed for the given time.</doc>
<msg timestamp="20210906 16:42:38.324" level="INFO">Slept 4 seconds</msg>
<status status="PASS" starttime="20210906 16:42:34.323" endtime="20210906 16:42:38.324"/>
</kw>
<kw name="Click Element" library="SeleniumLibrary">
<arg>${pageButton_moreActions}</arg>
<doc>Click the element identified by ``locator``.</doc>
<msg timestamp="20210906 16:42:38.325" level="INFO">Clicking element '//button[@id='header-more-actions']'.</msg>
<status status="PASS" starttime="20210906 16:42:38.324" endtime="20210906 16:42:38.378"/>
</kw>
<kw name="Sleep" library="BuiltIn">
<arg>3</arg>
<doc>Pauses the test executed for the given time.</doc>
<msg timestamp="20210906 16:42:41.380" level="INFO">Slept 3 seconds</msg>
<status status="PASS" starttime="20210906 16:42:38.379" endtime="20210906 16:42:41.380"/>
</kw>
<kw name="Click Element" library="SeleniumLibrary">
<arg>${pageButton_modes}</arg>
<doc>Click the element identified by ``locator``.</doc>
<msg timestamp="20210906 16:42:41.381" level="INFO">Clicking element '//span[contains(text(),'Modes')]'.</msg>
<status status="PASS" starttime="20210906 16:42:41.380" endtime="20210906 16:42:41.416"/>
</kw>
<kw name="Sleep" library="BuiltIn">
<arg>4</arg>
<doc>Pauses the test executed for the given time.</doc>
<msg timestamp="20210906 16:42:45.417" level="INFO">Slept 4 seconds</msg>
<status status="PASS" starttime="20210906 16:42:41.416" endtime="20210906 16:42:45.417"/>
</kw>
<kw name="Click Element" library="SeleniumLibrary">
<arg>${pageButton_modeHighContrast}</arg>
<doc>Click the element identified by ``locator``.</doc>
<msg timestamp="20210906 16:42:45.418" level="INFO">Clicking element '//a[contains(text(),'High Contrast')]'.</msg>
<status status="PASS" starttime="20210906 16:42:45.417" endtime="20210906 16:42:45.463"/>
</kw>
<kw name="Sleep" library="BuiltIn">
<arg>3</arg>
<doc>Pauses the test executed for the given time.</doc>
<msg timestamp="20210906 16:42:48.464" level="INFO">Slept 3 seconds</msg>
<status status="PASS" starttime="20210906 16:42:45.463" endtime="20210906 16:42:48.464"/>
</kw>
<kw name="Wait Until Element Is Enabled" library="SeleniumLibrary">
<arg>${pageMode_newContrast}</arg>
<doc>Waits until the element ``locator`` is enabled.</doc>
<status status="PASS" starttime="20210906 16:42:48.465" endtime="20210906 16:42:48.486"/>
</kw>
<kw name="Sleep" library="BuiltIn">
<arg>4</arg>
<doc>Pauses the test executed for the given time.</doc>
<msg timestamp="20210906 16:42:52.487" level="INFO">Slept 4 seconds</msg>
<status status="PASS" starttime="20210906 16:42:48.486" endtime="20210906 16:42:52.487"/>
</kw>
<kw name="Click Element" library="SeleniumLibrary">
<arg>${pageButton_moreActions}</arg>
<doc>Click the element identified by ``locator``.</doc>
<msg timestamp="20210906 16:42:52.488" level="INFO">Clicking element '//button[@id='header-more-actions']'.</msg>
<status status="PASS" starttime="20210906 16:42:52.488" endtime="20210906 16:42:52.517"/>
</kw>
<kw name="Sleep" library="BuiltIn">
<arg>3</arg>
<doc>Pauses the test executed for the given time.</doc>
<msg timestamp="20210906 16:42:55.519" level="INFO">Slept 3 seconds</msg>
<status status="PASS" starttime="20210906 16:42:52.518" endtime="20210906 16:42:55.519"/>
</kw>
<kw name="Click Element" library="SeleniumLibrary">
<arg>${pageButton_colors}</arg>
<doc>Click the element identified by ``locator``.</doc>
<msg timestamp="20210906 16:42:55.520" level="INFO">Clicking element '//span[contains(text(),'Colors')]'.</msg>
<status status="PASS" starttime="20210906 16:42:55.519" endtime="20210906 16:42:55.555"/>
</kw>
<kw name="Sleep" library="BuiltIn">
<arg>4</arg>
<doc>Pauses the test executed for the given time.</doc>
<msg timestamp="20210906 16:42:59.556" level="INFO">Slept 4 seconds</msg>
<status status="PASS" starttime="20210906 16:42:55.555" endtime="20210906 16:42:59.556"/>
</kw>
<kw name="Wait Until Element Is Enabled" library="SeleniumLibrary">
<arg>${pageColor_default}</arg>
<doc>Waits until the element ``locator`` is enabled.</doc>
<status status="PASS" starttime="20210906 16:42:59.557" endtime="20210906 16:42:59.578"/>
</kw>
<kw name="Sleep" library="BuiltIn">
<arg>3</arg>
<doc>Pauses the test executed for the given time.</doc>
<msg timestamp="20210906 16:43:02.581" level="INFO">Slept 3 seconds</msg>
<status status="PASS" starttime="20210906 16:42:59.578" endtime="20210906 16:43:02.581"/>
</kw>
<kw name="Click Element" library="SeleniumLibrary">
<arg>${pageButton_colorAmber}</arg>
<doc>Click the element identified by ``locator``.</doc>
<msg timestamp="20210906 16:43:02.582" level="INFO">Clicking element '//a[contains(text(),'Amber')]'.</msg>
<status status="PASS" starttime="20210906 16:43:02.581" endtime="20210906 16:43:02.641"/>
</kw>
<kw name="Sleep" library="BuiltIn">
<arg>4</arg>
<doc>Pauses the test executed for the given time.</doc>
<msg timestamp="20210906 16:43:06.643" level="INFO">Slept 4 seconds</msg>
<status status="PASS" starttime="20210906 16:43:02.642" endtime="20210906 16:43:06.643"/>
</kw>
<kw name="Wait Until Element Is Enabled" library="SeleniumLibrary">
<arg>${pageColor_amber}</arg>
<doc>Waits until the element ``locator`` is enabled.</doc>
<status status="PASS" starttime="20210906 16:43:06.643" endtime="20210906 16:43:06.664"/>
</kw>
<kw name="Sleep" library="BuiltIn">
<arg>3</arg>
<doc>Pauses the test executed for the given time.</doc>
<msg timestamp="20210906 16:43:09.667" level="INFO">Slept 3 seconds</msg>
<status status="PASS" starttime="20210906 16:43:06.665" endtime="20210906 16:43:09.667"/>
</kw>
<kw name="Click Element" library="SeleniumLibrary">
<arg>${pageButton_moreActions}</arg>
<doc>Click the element identified by ``locator``.</doc>
<msg timestamp="20210906 16:43:09.669" level="INFO">Clicking element '//button[@id='header-more-actions']'.</msg>
<status status="PASS" starttime="20210906 16:43:09.668" endtime="20210906 16:43:09.698"/>
</kw>
<kw name="Sleep" library="BuiltIn">
<arg>4</arg>
<doc>Pauses the test executed for the given time.</doc>
<msg timestamp="20210906 16:43:13.701" level="INFO">Slept 4 seconds</msg>
<status status="PASS" starttime="20210906 16:43:09.698" endtime="20210906 16:43:13.701"/>
</kw>
<kw name="Click Element" library="SeleniumLibrary">
<arg>${pageButton_colors}</arg>
<doc>Click the element identified by ``locator``.</doc>
<msg timestamp="20210906 16:43:13.702" level="INFO">Clicking element '//span[contains(text(),'Colors')]'.</msg>
<status status="PASS" starttime="20210906 16:43:13.701" endtime="20210906 16:43:13.724"/>
</kw>
<kw name="Sleep" library="BuiltIn">
<arg>3</arg>
<doc>Pauses the test executed for the given time.</doc>
<msg timestamp="20210906 16:43:16.725" level="INFO">Slept 3 seconds</msg>
<status status="PASS" starttime="20210906 16:43:13.724" endtime="20210906 16:43:16.725"/>
</kw>
<kw name="Click Element" library="SeleniumLibrary">
<arg>${pageButton_colorAmethyst}</arg>
<doc>Click the element identified by ``locator``.</doc>
<msg timestamp="20210906 16:43:16.726" level="INFO">Clicking element '//a[contains(text(),'Amethyst')]'.</msg>
<status status="PASS" starttime="20210906 16:43:16.725" endtime="20210906 16:43:16.770"/>
</kw>
<kw name="Sleep" library="BuiltIn">
<arg>4</arg>
<doc>Pauses the test executed for the given time.</doc>
<msg timestamp="20210906 16:43:20.772" level="INFO">Slept 4 seconds</msg>
<status status="PASS" starttime="20210906 16:43:16.770" endtime="20210906 16:43:20.772"/>
</kw>
<kw name="Wait Until Element Is Enabled" library="SeleniumLibrary">
<arg>${pageColor_amethyst}</arg>
<doc>Waits until the element ``locator`` is enabled.</doc>
<status status="PASS" starttime="20210906 16:43:20.772" endtime="20210906 16:43:20.793"/>
</kw>
<kw name="Sleep" library="BuiltIn">
<arg>3</arg>
<doc>Pauses the test executed for the given time.</doc>
<msg timestamp="20210906 16:43:23.796" level="INFO">Slept 3 seconds</msg>
<status status="PASS" starttime="20210906 16:43:20.793" endtime="20210906 16:43:23.796"/>
</kw>
<kw name="Click Element" library="SeleniumLibrary">
<arg>${pageButton_moreActions}</arg>
<doc>Click the element identified by ``locator``.</doc>
<msg timestamp="20210906 16:43:23.797" level="INFO">Clicking element '//button[@id='header-more-actions']'.</msg>
<status status="PASS" starttime="20210906 16:43:23.797" endtime="20210906 16:43:23.826"/>
</kw>
<kw name="Sleep" library="BuiltIn">
<arg>4</arg>
<doc>Pauses the test executed for the given time.</doc>
<msg timestamp="20210906 16:43:27.827" level="INFO">Slept 4 seconds</msg>
<status status="PASS" starttime="20210906 16:43:23.826" endtime="20210906 16:43:27.827"/>
</kw>
<kw name="Click Element" library="SeleniumLibrary">
<arg>${pageButton_colors}</arg>
<doc>Click the element identified by ``locator``.</doc>
<msg timestamp="20210906 16:43:27.828" level="INFO">Clicking element '//span[contains(text(),'Colors')]'.</msg>
<status status="PASS" starttime="20210906 16:43:27.827" endtime="20210906 16:43:27.846"/>
</kw>
<kw name="Sleep" library="BuiltIn">
<arg>3</arg>
<doc>Pauses the test executed for the given time.</doc>
<msg timestamp="20210906 16:43:30.848" level="INFO">Slept 3 seconds</msg>
<status status="PASS" starttime="20210906 16:43:27.846" endtime="20210906 16:43:30.848"/>
</kw>
<kw name="Click Element" library="SeleniumLibrary">
<arg>${pageButton_colorAzure}</arg>
<doc>Click the element identified by ``locator``.</doc>
<msg timestamp="20210906 16:43:30.849" level="INFO">Clicking element '//a[contains(text(),'Azure')]'.</msg>
<status status="PASS" starttime="20210906 16:43:30.849" endtime="20210906 16:43:30.897"/>
</kw>
<kw name="Sleep" library="BuiltIn">
<arg>4</arg>
<doc>Pauses the test executed for the given time.</doc>
<msg timestamp="20210906 16:43:34.898" level="INFO">Slept 4 seconds</msg>
<status status="PASS" starttime="20210906 16:43:30.897" endtime="20210906 16:43:34.898"/>
</kw>
<kw name="Wait Until Element Is Enabled" library="SeleniumLibrary">
<arg>${pageColor_azure}</arg>
<doc>Waits until the element ``locator`` is enabled.</doc>
<status status="PASS" starttime="20210906 16:43:34.899" endtime="20210906 16:43:34.920"/>
</kw>
<kw name="Sleep" library="BuiltIn">
<arg>3</arg>
<doc>Pauses the test executed for the given time.</doc>
<msg timestamp="20210906 16:43:37.920" level="INFO">Slept 3 seconds</msg>
<status status="PASS" starttime="20210906 16:43:34.920" endtime="20210906 16:43:37.921"/>
</kw>
<kw name="Click Element" library="SeleniumLibrary">
<arg>${pageButton_moreActions}</arg>
<doc>Click the element identified by ``locator``.</doc>
<msg timestamp="20210906 16:43:37.922" level="INFO">Clicking element '//button[@id='header-more-actions']'.</msg>
<status status="PASS" starttime="20210906 16:43:37.921" endtime="20210906 16:43:37.952"/>
</kw>
<kw name="Sleep" library="BuiltIn">
<arg>4</arg>
<doc>Pauses the test executed for the given time.</doc>
<msg timestamp="20210906 16:43:41.953" level="INFO">Slept 4 seconds</msg>
<status status="PASS" starttime="20210906 16:43:37.952" endtime="20210906 16:43:41.954"/>
</kw>
<kw name="Click Element" library="SeleniumLibrary">
<arg>${pageButton_colors}</arg>
<doc>Click the element identified by ``locator``.</doc>
<msg timestamp="20210906 16:43:41.954" level="INFO">Clicking element '//span[contains(text(),'Colors')]'.</msg>
<status status="PASS" starttime="20210906 16:43:41.954" endtime="20210906 16:43:41.973"/>
</kw>
<kw name="Sleep" library="BuiltIn">
<arg>3</arg>
<doc>Pauses the test executed for the given time.</doc>
<msg timestamp="20210906 16:43:44.975" level="INFO">Slept 3 seconds</msg>
<status status="PASS" starttime="20210906 16:43:41.973" endtime="20210906 16:43:44.975"/>
</kw>
<kw name="Click Element" library="SeleniumLibrary">
<arg>${pageButton_colorEmerald}</arg>
<doc>Click the element identified by ``locator``.</doc>
<msg timestamp="20210906 16:43:44.976" level="INFO">Clicking element '//a[contains(text(),'Emerald')]'.</msg>
<kw name="Capture Page Screenshot" library="SeleniumLibrary">
<doc>Takes a screenshot of the current page and embeds it into a log file.</doc>
<msg timestamp="20210906 16:43:45.358" level="INFO" html="true">&lt;/td&gt;&lt;/tr&gt;&lt;tr&gt;&lt;td colspan="3"&gt;&lt;a href="selenium-screenshot-4.png"&gt;&lt;img src="selenium-screenshot-4.png" width="800px"&gt;&lt;/a&gt;</msg>
<status status="PASS" starttime="20210906 16:43:44.993" endtime="20210906 16:43:45.358"/>
</kw>
<msg timestamp="20210906 16:43:45.361" level="FAIL">ElementNotInteractableException: Message: element not interactable
  (Session info: chrome=92.0.4515.131)
</msg>
<status status="FAIL" starttime="20210906 16:43:44.976" endtime="20210906 16:43:45.362"/>
</kw>
<kw name="Sleep" library="BuiltIn">
<arg>4</arg>
<doc>Pauses the test executed for the given time.</doc>
<status status="NOT RUN" starttime="20210906 16:43:45.362" endtime="20210906 16:43:45.362"/>
</kw>
<kw name="Wait Until Element Is Enabled" library="SeleniumLibrary">
<arg>${pageColor_emerald}</arg>
<doc>Waits until the element ``locator`` is enabled.</doc>
<status status="NOT RUN" starttime="20210906 16:43:45.362" endtime="20210906 16:43:45.362"/>
</kw>
<kw name="Sleep" library="BuiltIn">
<arg>3</arg>
<doc>Pauses the test executed for the given time.</doc>
<status status="NOT RUN" starttime="20210906 16:43:45.362" endtime="20210906 16:43:45.362"/>
</kw>
<kw name="Click Element" library="SeleniumLibrary">
<arg>${pageButton_moreActions}</arg>
<doc>Click the element identified by ``locator``.</doc>
<status status="NOT RUN" starttime="20210906 16:43:45.362" endtime="20210906 16:43:45.362"/>
</kw>
<kw name="Sleep" library="BuiltIn">
<arg>4</arg>
<doc>Pauses the test executed for the given time.</doc>
<status status="NOT RUN" starttime="20210906 16:43:45.362" endtime="20210906 16:43:45.362"/>
</kw>
<kw name="Click Element" library="SeleniumLibrary">
<arg>${pageButton_colors}</arg>
<doc>Click the element identified by ``locator``.</doc>
<status status="NOT RUN" starttime="20210906 16:43:45.362" endtime="20210906 16:43:45.363"/>
</kw>
<kw name="Sleep" library="BuiltIn">
<arg>3</arg>
<doc>Pauses the test executed for the given time.</doc>
<status status="NOT RUN" starttime="20210906 16:43:45.363" endtime="20210906 16:43:45.363"/>
</kw>
<kw name="Click Element" library="SeleniumLibrary">
<arg>${pageButton_colorGraphite}</arg>
<doc>Click the element identified by ``locator``.</doc>
<status status="NOT RUN" starttime="20210906 16:43:45.363" endtime="20210906 16:43:45.363"/>
</kw>
<kw name="Sleep" library="BuiltIn">
<arg>4</arg>
<doc>Pauses the test executed for the given time.</doc>
<status status="NOT RUN" starttime="20210906 16:43:45.363" endtime="20210906 16:43:45.363"/>
</kw>
<kw name="Wait Until Element Is Enabled" library="SeleniumLibrary">
<arg>${pageColor_graphite}</arg>
<doc>Waits until the element ``locator`` is enabled.</doc>
<status status="NOT RUN" starttime="20210906 16:43:45.363" endtime="20210906 16:43:45.363"/>
</kw>
<kw name="Sleep" library="BuiltIn">
<arg>3</arg>
<doc>Pauses the test executed for the given time.</doc>
<status status="NOT RUN" starttime="20210906 16:43:45.363" endtime="20210906 16:43:45.363"/>
</kw>
<kw name="Click Element" library="SeleniumLibrary">
<arg>${pageButton_moreActions}</arg>
<doc>Click the element identified by ``locator``.</doc>
<status status="NOT RUN" starttime="20210906 16:43:45.363" endtime="20210906 16:43:45.363"/>
</kw>
<kw name="Sleep" library="BuiltIn">
<arg>4</arg>
<doc>Pauses the test executed for the given time.</doc>
<status status="NOT RUN" starttime="20210906 16:43:45.363" endtime="20210906 16:43:45.363"/>
</kw>
<kw name="Click Element" library="SeleniumLibrary">
<arg>${pageButton_colors}</arg>
<doc>Click the element identified by ``locator``.</doc>
<status status="NOT RUN" starttime="20210906 16:43:45.363" endtime="20210906 16:43:45.363"/>
</kw>
<kw name="Sleep" library="BuiltIn">
<arg>3</arg>
<doc>Pauses the test executed for the given time.</doc>
<status status="NOT RUN" starttime="20210906 16:43:45.364" endtime="20210906 16:43:45.364"/>
</kw>
<kw name="Click Element" library="SeleniumLibrary">
<arg>${pageButton_colorRuby}</arg>
<doc>Click the element identified by ``locator``.</doc>
<status status="NOT RUN" starttime="20210906 16:43:45.364" endtime="20210906 16:43:45.364"/>
</kw>
<kw name="Sleep" library="BuiltIn">
<arg>4</arg>
<doc>Pauses the test executed for the given time.</doc>
<status status="NOT RUN" starttime="20210906 16:43:45.364" endtime="20210906 16:43:45.364"/>
</kw>
<kw name="Wait Until Element Is Enabled" library="SeleniumLibrary">
<arg>${pageColor_ruby}</arg>
<doc>Waits until the element ``locator`` is enabled.</doc>
<status status="NOT RUN" starttime="20210906 16:43:45.364" endtime="20210906 16:43:45.364"/>
</kw>
<kw name="Sleep" library="BuiltIn">
<arg>3</arg>
<doc>Pauses the test executed for the given time.</doc>
<status status="NOT RUN" starttime="20210906 16:43:45.364" endtime="20210906 16:43:45.364"/>
</kw>
<kw name="Click Element" library="SeleniumLibrary">
<arg>${pageButton_moreActions}</arg>
<doc>Click the element identified by ``locator``.</doc>
<status status="NOT RUN" starttime="20210906 16:43:45.364" endtime="20210906 16:43:45.364"/>
</kw>
<kw name="Sleep" library="BuiltIn">
<arg>4</arg>
<doc>Pauses the test executed for the given time.</doc>
<status status="NOT RUN" starttime="20210906 16:43:45.364" endtime="20210906 16:43:45.364"/>
</kw>
<kw name="Click Element" library="SeleniumLibrary">
<arg>${pageButton_colors}</arg>
<doc>Click the element identified by ``locator``.</doc>
<status status="NOT RUN" starttime="20210906 16:43:45.364" endtime="20210906 16:43:45.364"/>
</kw>
<kw name="Sleep" library="BuiltIn">
<arg>3</arg>
<doc>Pauses the test executed for the given time.</doc>
<status status="NOT RUN" starttime="20210906 16:43:45.364" endtime="20210906 16:43:45.365"/>
</kw>
<kw name="Click Element" library="SeleniumLibrary">
<arg>${pageButton_colorSlate}</arg>
<doc>Click the element identified by ``locator``.</doc>
<status status="NOT RUN" starttime="20210906 16:43:45.365" endtime="20210906 16:43:45.365"/>
</kw>
<kw name="Sleep" library="BuiltIn">
<arg>4</arg>
<doc>Pauses the test executed for the given time.</doc>
<status status="NOT RUN" starttime="20210906 16:43:45.365" endtime="20210906 16:43:45.365"/>
</kw>
<kw name="Wait Until Element Is Enabled" library="SeleniumLibrary">
<arg>${pageColor_slate}</arg>
<doc>Waits until the element ``locator`` is enabled.</doc>
<status status="NOT RUN" starttime="20210906 16:43:45.365" endtime="20210906 16:43:45.365"/>
</kw>
<kw name="Sleep" library="BuiltIn">
<arg>3</arg>
<doc>Pauses the test executed for the given time.</doc>
<status status="NOT RUN" starttime="20210906 16:43:45.365" endtime="20210906 16:43:45.365"/>
</kw>
<kw name="Click Element" library="SeleniumLibrary">
<arg>${pageButton_moreActions}</arg>
<doc>Click the element identified by ``locator``.</doc>
<status status="NOT RUN" starttime="20210906 16:43:45.365" endtime="20210906 16:43:45.365"/>
</kw>
<kw name="Sleep" library="BuiltIn">
<arg>4</arg>
<doc>Pauses the test executed for the given time.</doc>
<status status="NOT RUN" starttime="20210906 16:43:45.365" endtime="20210906 16:43:45.365"/>
</kw>
<kw name="Click Element" library="SeleniumLibrary">
<arg>${pageButton_colors}</arg>
<doc>Click the element identified by ``locator``.</doc>
<status status="NOT RUN" starttime="20210906 16:43:45.365" endtime="20210906 16:43:45.365"/>
</kw>
<kw name="Sleep" library="BuiltIn">
<arg>3</arg>
<doc>Pauses the test executed for the given time.</doc>
<status status="NOT RUN" starttime="20210906 16:43:45.365" endtime="20210906 16:43:45.365"/>
</kw>
<kw name="Click Element" library="SeleniumLibrary">
<arg>${pageButton_colorTurquoise}</arg>
<doc>Click the element identified by ``locator``.</doc>
<status status="NOT RUN" starttime="20210906 16:43:45.366" endtime="20210906 16:43:45.366"/>
</kw>
<kw name="Sleep" library="BuiltIn">
<arg>4</arg>
<doc>Pauses the test executed for the given time.</doc>
<status status="NOT RUN" starttime="20210906 16:43:45.366" endtime="20210906 16:43:45.366"/>
</kw>
<kw name="Wait Until Element Is Enabled" library="SeleniumLibrary">
<arg>${pageColor_Turquoise}</arg>
<doc>Waits until the element ``locator`` is enabled.</doc>
<status status="NOT RUN" starttime="20210906 16:43:45.366" endtime="20210906 16:43:45.366"/>
</kw>
<status status="FAIL" starttime="20210906 16:42:27.201" endtime="20210906 16:43:45.366"/>
</kw>
<kw name="Verify Verify Table in Custom Toolbar">
<status status="NOT RUN" starttime="20210906 16:43:45.369" endtime="20210906 16:43:45.369"/>
</kw>
<kw name="Verify and Update Modes &amp; Colors - Classic" library="scenarioGeneric">
<doc>This will verify &amp; update Modes &amp; Colors - Classic</doc>
<status status="NOT RUN" starttime="20210906 16:43:45.369" endtime="20210906 16:43:45.370"/>
</kw>
<doc>This will verify more actions (versions, modes, &amp; colors), toast and if the tables and its toolbar is rendered are rendered correctly</doc>
<status status="FAIL" starttime="20210906 16:42:18.473" endtime="20210906 16:43:45.370">ElementNotInteractableException: Message: element not interactable
  (Session info: chrome=92.0.4515.131)
</status>
</test>
<test id="s1-t14" name="Ending Script Execution">
<kw name="Closing Browser" library="scenarioGeneric">
<doc>This will close the browser opened</doc>
<kw name="Sleep" library="BuiltIn">
<arg>2</arg>
<doc>Pauses the test executed for the given time.</doc>
<msg timestamp="20210906 16:43:47.372" level="INFO">Slept 2 seconds</msg>
<status status="PASS" starttime="20210906 16:43:45.371" endtime="20210906 16:43:47.373"/>
</kw>
<kw name="Close Browser" library="SeleniumLibrary">
<doc>Closes the current browser.</doc>
<status status="PASS" starttime="20210906 16:43:47.373" endtime="20210906 16:43:47.541"/>
</kw>
<status status="PASS" starttime="20210906 16:43:45.371" endtime="20210906 16:43:47.541"/>
</kw>
<doc>This will close the browser and end the script execution</doc>
<status status="PASS" starttime="20210906 16:43:45.370" endtime="20210906 16:43:47.541"/>
</test>
<doc>This will show all the Test Cases that can be found in Datagrid Component 2nd batch
This file also includes all the scripts for Datagrid Component 2nd batch</doc>
<status status="FAIL" starttime="20210906 16:41:32.599" endtime="20210906 16:43:47.542"/>
</suite>
<statistics>
<total>
<stat pass="5" fail="9" skip="0">All Tests</stat>
</total>
<tag>
</tag>
<suite>
<stat pass="5" fail="9" skip="0" id="s1" name="IDS Datagrid Batch2">IDS Datagrid Batch2</stat>
</suite>
</statistics>
<errors>
<msg timestamp="20210906 16:41:46.894" level="WARN">Multiple test cases with name 'Ending Script Execution' executed in test suite 'IDS Datagrid Batch2'.</msg>
<msg timestamp="20210906 16:41:49.021" level="WARN">Multiple test cases with name 'Load Datagrid Component' executed in test suite 'IDS Datagrid Batch2'.</msg>
<msg timestamp="20210906 16:41:59.771" level="WARN">Multiple test cases with name 'Ending Script Execution' executed in test suite 'IDS Datagrid Batch2'.</msg>
<msg timestamp="20210906 16:42:01.871" level="WARN">Multiple test cases with name 'Load Datagrid Component' executed in test suite 'IDS Datagrid Batch2'.</msg>
<msg timestamp="20210906 16:42:11.563" level="WARN">Multiple test cases with name 'Ending Script Execution' executed in test suite 'IDS Datagrid Batch2'.</msg>
<msg timestamp="20210906 16:42:13.663" level="WARN">Multiple test cases with name 'Load Datagrid Component' executed in test suite 'IDS Datagrid Batch2'.</msg>
<msg timestamp="20210906 16:43:45.370" level="WARN">Multiple test cases with name 'Ending Script Execution' executed in test suite 'IDS Datagrid Batch2'.</msg>
</errors>
</robot>
